This is pdfTeX, Version 3.14159265-2.6-1.40.19 (MiKTeX 2.9.6800 64-bit) (preloaded format=pdflatex 2018.9.11)  16 MAR 2021 13:20
entering extended mode
**./main.tex
(main.tex
LaTeX2e <2018-04-01> patch level 5
("C:\Users\chenn\AppData\Local\Programs\MiKTeX 2.9\tex\latex\base\article.cls"
Document Class: article 2014/09/29 v1.4h Standard LaTeX document class
("C:\Users\chenn\AppData\Local\Programs\MiKTeX 2.9\tex\latex\base\size10.clo"
File: size10.clo 2014/09/29 v1.4h Standard LaTeX file (size option)
)
\c@part=\count80
\c@section=\count81
\c@subsection=\count82
\c@subsubsection=\count83
\c@paragraph=\count84
\c@subparagraph=\count85
\c@figure=\count86
\c@table=\count87
\abovecaptionskip=\skip41
\belowcaptionskip=\skip42
\bibindent=\dimen102
) (header.tex
("C:\Users\chenn\AppData\Local\Programs\MiKTeX 2.9\tex\latex\geometry\geometry.
sty"
Package: geometry 2018/04/16 v5.8 Page Geometry

("C:\Users\chenn\AppData\Local\Programs\MiKTeX 2.9\tex\latex\graphics\keyval.st
y"
Package: keyval 2014/10/28 v1.15 key=value parser (DPC)
\KV@toks@=\toks14
)
("C:\Users\chenn\AppData\Local\Programs\MiKTeX 2.9\tex\generic\oberdiek\ifpdf.s
ty"
Package: ifpdf 2017/03/15 v3.2 Provides the ifpdf switch
)
("C:\Users\chenn\AppData\Local\Programs\MiKTeX 2.9\tex\generic\oberdiek\ifvtex.
sty"
Package: ifvtex 2016/05/16 v1.6 Detect VTeX and its facilities (HO)
Package ifvtex Info: VTeX not detected.
)
("C:\Users\chenn\AppData\Local\Programs\MiKTeX 2.9\tex\generic\ifxetex\ifxetex.
sty"
Package: ifxetex 2010/09/12 v0.6 Provides ifxetex conditional
)
\Gm@cnth=\count88
\Gm@cntv=\count89
\c@Gm@tempcnt=\count90
\Gm@bindingoffset=\dimen103
\Gm@wd@mp=\dimen104
\Gm@odd@mp=\dimen105
\Gm@even@mp=\dimen106
\Gm@layoutwidth=\dimen107
\Gm@layoutheight=\dimen108
\Gm@layouthoffset=\dimen109
\Gm@layoutvoffset=\dimen110
\Gm@dimlist=\toks15

("C:\Users\chenn\AppData\Local\Programs\MiKTeX 2.9\tex\latex\geometry\geometry.
cfg"))
("C:\Users\chenn\AppData\Local\Programs\MiKTeX 2.9\tex\latex\amsmath\amsmath.st
y"
Package: amsmath 2017/09/02 v2.17a AMS math features
\@mathmargin=\skip43

For additional information on amsmath, use the `?' option.

("C:\Users\chenn\AppData\Local\Programs\MiKTeX 2.9\tex\latex\amsmath\amstext.st
y"
Package: amstext 2000/06/29 v2.01 AMS text

("C:\Users\chenn\AppData\Local\Programs\MiKTeX 2.9\tex\latex\amsmath\amsgen.sty
"
File: amsgen.sty 1999/11/30 v2.0 generic functions
\@emptytoks=\toks16
\ex@=\dimen111
))
("C:\Users\chenn\AppData\Local\Programs\MiKTeX 2.9\tex\latex\amsmath\amsbsy.sty
"
Package: amsbsy 1999/11/29 v1.2d Bold Symbols
\pmbraise@=\dimen112
)
("C:\Users\chenn\AppData\Local\Programs\MiKTeX 2.9\tex\latex\amsmath\amsopn.sty
"
Package: amsopn 2016/03/08 v2.02 operator names
)
\inf@bad=\count91
LaTeX Info: Redefining \frac on input line 213.
\uproot@=\count92
\leftroot@=\count93
LaTeX Info: Redefining \overline on input line 375.
\classnum@=\count94
\DOTSCASE@=\count95
LaTeX Info: Redefining \ldots on input line 472.
LaTeX Info: Redefining \dots on input line 475.
LaTeX Info: Redefining \cdots on input line 596.
\Mathstrutbox@=\box26
\strutbox@=\box27
\big@size=\dimen113
LaTeX Font Info:    Redeclaring font encoding OML on input line 712.
LaTeX Font Info:    Redeclaring font encoding OMS on input line 713.
\macc@depth=\count96
\c@MaxMatrixCols=\count97
\dotsspace@=\muskip10
\c@parentequation=\count98
\dspbrk@lvl=\count99
\tag@help=\toks17
\row@=\count100
\column@=\count101
\maxfields@=\count102
\andhelp@=\toks18
\eqnshift@=\dimen114
\alignsep@=\dimen115
\tagshift@=\dimen116
\tagwidth@=\dimen117
\totwidth@=\dimen118
\lineht@=\dimen119
\@envbody=\toks19
\multlinegap=\skip44
\multlinetaggap=\skip45
\mathdisplay@stack=\toks20
LaTeX Info: Redefining \[ on input line 2817.
LaTeX Info: Redefining \] on input line 2818.
)
("C:\Users\chenn\AppData\Local\Programs\MiKTeX 2.9\tex\latex\amscls\amsthm.sty"
Package: amsthm 2017/10/31 v2.20.4
\thm@style=\toks21
\thm@bodyfont=\toks22
\thm@headfont=\toks23
\thm@notefont=\toks24
\thm@headpunct=\toks25
\thm@preskip=\skip46
\thm@postskip=\skip47
\thm@headsep=\skip48
\dth@everypar=\toks26
)
("C:\Users\chenn\AppData\Local\Programs\MiKTeX 2.9\tex\latex\amsfonts\amssymb.s
ty"
Package: amssymb 2013/01/14 v3.01 AMS font symbols

("C:\Users\chenn\AppData\Local\Programs\MiKTeX 2.9\tex\latex\amsfonts\amsfonts.
sty"
Package: amsfonts 2013/01/14 v3.01 Basic AMSFonts support
\symAMSa=\mathgroup4
\symAMSb=\mathgroup5
LaTeX Font Info:    Overwriting math alphabet `\mathfrak' in version `bold'
(Font)                  U/euf/m/n --> U/euf/b/n on input line 106.
))
("C:\Users\chenn\AppData\Local\Programs\MiKTeX 2.9\tex\latex\mathtools\mathtool
s.sty"
Package: mathtools 2018/01/08 v1.21 mathematical typesetting tools

("C:\Users\chenn\AppData\Local\Programs\MiKTeX 2.9\tex\latex\tools\calc.sty"
Package: calc 2017/05/25 v4.3 Infix arithmetic (KKT,FJ)
\calc@Acount=\count103
\calc@Bcount=\count104
\calc@Adimen=\dimen120
\calc@Bdimen=\dimen121
\calc@Askip=\skip49
\calc@Bskip=\skip50
LaTeX Info: Redefining \setlength on input line 80.
LaTeX Info: Redefining \addtolength on input line 81.
\calc@Ccount=\count105
\calc@Cskip=\skip51
)
("C:\Users\chenn\AppData\Local\Programs\MiKTeX 2.9\tex\latex\mathtools\mhsetup.
sty"
Package: mhsetup 2017/03/31 v1.3 programming setup (MH)
)
LaTeX Info: Thecontrolsequence`\('isalreadyrobust on input line 129.
LaTeX Info: Thecontrolsequence`\)'isalreadyrobust on input line 129.
LaTeX Info: Thecontrolsequence`\['isalreadyrobust on input line 129.
LaTeX Info: Thecontrolsequence`\]'isalreadyrobust on input line 129.
\g_MT_multlinerow_int=\count106
\l_MT_multwidth_dim=\dimen122
\origjot=\skip52
\l_MT_shortvdotswithinadjustabove_dim=\dimen123
\l_MT_shortvdotswithinadjustbelow_dim=\dimen124
\l_MT_above_intertext_sep=\dimen125
\l_MT_below_intertext_sep=\dimen126
\l_MT_above_shortintertext_sep=\dimen127
\l_MT_below_shortintertext_sep=\dimen128
) ("C:\Users\chenn\AppData\Local\Programs\MiKTeX 2.9\tex\latex\tools\bm.sty"
Package: bm 2017/01/16 v1.2c Bold Symbol Support (DPC/FMi)
\symboldoperators=\mathgroup6
\symboldletters=\mathgroup7
\symboldsymbols=\mathgroup8
LaTeX Font Info:    Redeclaring math alphabet \mathbf on input line 141.
LaTeX Info: Redefining \bm on input line 207.
)
("C:\Users\chenn\AppData\Local\Programs\MiKTeX 2.9\tex\latex\caption\subcaption
.sty"
Package: subcaption 2018/05/01 v1.1-162 Sub-captions (AR)

("C:\Users\chenn\AppData\Local\Programs\MiKTeX 2.9\tex\latex\caption\caption.st
y"
Package: caption 2018/10/06 v3.3-154 Customizing captions (AR)

("C:\Users\chenn\AppData\Local\Programs\MiKTeX 2.9\tex\latex\caption\caption3.s
ty"
Package: caption3 2018/09/12 v1.8c caption3 kernel (AR)
Package caption3 Info: TeX engine: e-TeX on input line 64.
\captionmargin=\dimen129
\captionmargin@=\dimen130
\captionwidth=\dimen131
\caption@tempdima=\dimen132
\caption@indent=\dimen133
\caption@parindent=\dimen134
\caption@hangindent=\dimen135
)
\c@caption@flags=\count107
\c@ContinuedFloat=\count108
)
\c@subfigure=\count109
\c@subtable=\count110
)
("C:\Users\chenn\AppData\Local\Programs\MiKTeX 2.9\tex\latex\enumitem\enumitem.
sty"
Package: enumitem 2019/06/20 v3.9 Customized lists
\labelindent=\skip53
\enit@outerparindent=\dimen136
\enit@toks=\toks27
\enit@inbox=\box28
\enit@count@id=\count111
\enitdp@description=\count112
)
("C:\Users\chenn\AppData\Local\Programs\MiKTeX 2.9\tex\latex\doublestroke\dsfon
t.sty"
Package: dsfont 1995/08/01 v0.1 Double stroke roman fonts
)
("C:\Users\chenn\AppData\Local\Programs\MiKTeX 2.9\tex\latex\oberdiek\centernot
.sty"
Package: centernot 2016/05/16 v1.4 Centers the not symbol horizontally (HO)
)
("C:\Users\chenn\AppData\Local\Programs\MiKTeX 2.9\tex\latex\xcolor\xcolor.sty"
Package: xcolor 2016/05/11 v2.12 LaTeX color extensions (UK)

("C:\Users\chenn\AppData\Local\Programs\MiKTeX 2.9\tex\latex\graphics-cfg\color
.cfg"
File: color.cfg 2016/01/02 v1.6 sample color configuration
)
Package xcolor Info: Package option `usenames' ignored on input line 216.
Package xcolor Info: Driver file: pdftex.def on input line 225.

("C:\Users\chenn\AppData\Local\Programs\MiKTeX 2.9\tex\latex\graphics-def\pdfte
x.def"
File: pdftex.def 2018/01/08 v1.0l Graphics/color driver for pdftex
)
Package xcolor Info: Model `cmy' substituted by `cmy0' on input line 1348.
Package xcolor Info: Model `hsb' substituted by `rgb' on input line 1352.
Package xcolor Info: Model `RGB' extended on input line 1364.
Package xcolor Info: Model `HTML' substituted by `rgb' on input line 1366.
Package xcolor Info: Model `Hsb' substituted by `hsb' on input line 1367.
Package xcolor Info: Model `tHsb' substituted by `hsb' on input line 1368.
Package xcolor Info: Model `HSB' substituted by `hsb' on input line 1369.
Package xcolor Info: Model `Gray' substituted by `gray' on input line 1370.
Package xcolor Info: Model `wave' substituted by `hsb' on input line 1371.

("C:\Users\chenn\AppData\Local\Programs\MiKTeX 2.9\tex\latex\graphics\dvipsnam.
def"
File: dvipsnam.def 2016/06/17 v3.0m Driver-dependent file (DPC,SPQR)
))
\c@margincounter=\count113

("C:\Users\chenn\AppData\Local\Programs\MiKTeX 2.9\tex\latex\appendix\appendix.
sty"
Package: appendix 2020/02/08 v1.2c extra appendix facilities
\c@@pps=\count114
\c@@ppsavesec=\count115
\c@@ppsaveapp=\count116
)
("C:\Users\chenn\AppData\Local\Programs\MiKTeX 2.9\tex\latex\graphics\graphicx.
sty"
Package: graphicx 2017/06/01 v1.1a Enhanced LaTeX Graphics (DPC,SPQR)

("C:\Users\chenn\AppData\Local\Programs\MiKTeX 2.9\tex\latex\graphics\graphics.
sty"
Package: graphics 2017/06/25 v1.2c Standard LaTeX Graphics (DPC,SPQR)

("C:\Users\chenn\AppData\Local\Programs\MiKTeX 2.9\tex\latex\graphics\trig.sty"
Package: trig 2016/01/03 v1.10 sin cos tan (DPC)
)
("C:\Users\chenn\AppData\Local\Programs\MiKTeX 2.9\tex\latex\graphics-cfg\graph
ics.cfg"
File: graphics.cfg 2016/06/04 v1.11 sample graphics configuration
)
Package graphics Info: Driver file: pdftex.def on input line 99.
)
\Gin@req@height=\dimen137
\Gin@req@width=\dimen138
)
("C:\Users\chenn\AppData\Local\Programs\MiKTeX 2.9\tex\latex\float\float.sty"
Package: float 2001/11/08 v1.3d Float enhancements (AL)
\c@float@type=\count117
\float@exts=\toks28
\float@box=\box29
\@float@everytoks=\toks29
\@floatcapt=\box30
)
("C:\Users\chenn\AppData\Local\Programs\MiKTeX 2.9\tex\latex\biblatex\biblatex.
sty"
Package: biblatex 2020/08/23 v3.15a programmable bibliographies (PK/MW)

("C:\Users\chenn\AppData\Local\Programs\MiKTeX 2.9\tex\generic\oberdiek\pdftexc
mds.sty"
Package: pdftexcmds 2018/01/30 v0.27 Utility functions of pdfTeX for LuaTeX (HO
)

("C:\Users\chenn\AppData\Local\Programs\MiKTeX 2.9\tex\generic\oberdiek\infware
rr.sty"
Package: infwarerr 2016/05/16 v1.4 Providing info/warning/error messages (HO)
)
("C:\Users\chenn\AppData\Local\Programs\MiKTeX 2.9\tex\generic\oberdiek\ifluate
x.sty"
Package: ifluatex 2016/05/16 v1.4 Provides the ifluatex switch (HO)
Package ifluatex Info: LuaTeX not detected.
)
("C:\Users\chenn\AppData\Local\Programs\MiKTeX 2.9\tex\generic\oberdiek\ltxcmds
.sty"
Package: ltxcmds 2016/05/16 v1.23 LaTeX kernel commands for general use (HO)
)
Package pdftexcmds Info: LuaTeX not detected.
Package pdftexcmds Info: \pdf@primitive is available.
Package pdftexcmds Info: \pdf@ifprimitive is available.
Package pdftexcmds Info: \pdfdraftmode found.
)
("C:\Users\chenn\AppData\Local\Programs\MiKTeX 2.9\tex\latex\etoolbox\etoolbox.
sty"
Package: etoolbox 2018/08/19 v2.5f e-TeX tools for LaTeX (JAW)
\etb@tempcnta=\count118
)
("C:\Users\chenn\AppData\Local\Programs\MiKTeX 2.9\tex\latex\oberdiek\kvoptions
.sty"
Package: kvoptions 2016/05/16 v3.12 Key value format for package options (HO)

("C:\Users\chenn\AppData\Local\Programs\MiKTeX 2.9\tex\generic\oberdiek\kvsetke
ys.sty"
Package: kvsetkeys 2016/05/16 v1.17 Key value parser (HO)

("C:\Users\chenn\AppData\Local\Programs\MiKTeX 2.9\tex\generic\oberdiek\etexcmd
s.sty"
Package: etexcmds 2016/05/16 v1.6 Avoid name clashes with e-TeX commands (HO)
Package etexcmds Info: Could not find \expanded.
(etexcmds)             That can mean that you are not using pdfTeX 1.50 or
(etexcmds)             that some package has redefined \expanded.
(etexcmds)             In the latter case, load this package earlier.
)))
("C:\Users\chenn\AppData\Local\Programs\MiKTeX 2.9\tex\latex\logreq\logreq.sty"
Package: logreq 2010/08/04 v1.0 xml request logger
\lrq@indent=\count119
("C:\Users\chenn\AppData\Local\Programs\MiKTeX 2.9\tex\latex\logreq\logreq.def"
File: logreq.def 2010/08/04 v1.0 logreq spec v1.0
)) ("C:\Users\chenn\AppData\Local\Programs\MiKTeX 2.9\tex\latex\base\ifthen.sty
"
Package: ifthen 2014/09/29 v1.1c Standard LaTeX ifthen package (DPC)
) ("C:\Users\chenn\AppData\Local\Programs\MiKTeX 2.9\tex\latex\url\url.sty"
\Urlmuskip=\muskip11
Package: url 2013/09/16  ver 3.4  Verb mode for urls, etc.
)
\c@tabx@nest=\count120
\c@listtotal=\count121
\c@listcount=\count122
\c@liststart=\count123
\c@liststop=\count124
\c@citecount=\count125
\c@citetotal=\count126
\c@multicitecount=\count127
\c@multicitetotal=\count128
\c@instcount=\count129
\c@maxnames=\count130
\c@minnames=\count131
\c@maxitems=\count132
\c@minitems=\count133
\c@citecounter=\count134
\c@maxcitecounter=\count135
\c@savedcitecounter=\count136
\c@uniquelist=\count137
\c@uniquename=\count138
\c@refsection=\count139
\c@refsegment=\count140
\c@maxextratitle=\count141
\c@maxextratitleyear=\count142
\c@maxextraname=\count143
\c@maxextradate=\count144
\c@maxextraalpha=\count145
\c@abbrvpenalty=\count146
\c@highnamepenalty=\count147
\c@lownamepenalty=\count148
\c@maxparens=\count149
\c@parenlevel=\count150
\blx@tempcnta=\count151
\blx@tempcntb=\count152
\blx@tempcntc=\count153
\blx@maxsection=\count154
\blx@maxsegment@0=\count155
\blx@notetype=\count156
\blx@parenlevel@text=\count157
\blx@parenlevel@foot=\count158
\blx@sectionciteorder@0=\count159
\blx@entrysetcounter=\count160
\blx@biblioinstance=\count161
\labelnumberwidth=\skip54
\labelalphawidth=\skip55
\biblabelsep=\skip56
\bibitemsep=\skip57
\bibnamesep=\skip58
\bibinitsep=\skip59
\bibparsep=\skip60
\bibhang=\skip61
\blx@bcfin=\read1
\blx@bcfout=\write3
\blx@langwohyphens=\language76
\c@mincomprange=\count162
\c@maxcomprange=\count163
\c@mincompwidth=\count164
Package biblatex Info: Trying to load biblatex default data model...
Package biblatex Info: ... file 'blx-dm.def' found.

("C:\Users\chenn\AppData\Local\Programs\MiKTeX 2.9\tex\latex\biblatex\blx-dm.de
f"
File: blx-dm.def 2020/08/23 v3.15a biblatex localization (PK/MW)
)
Package biblatex Info: Trying to load biblatex citestyle data model...
Package biblatex Info: ... file 'alphabetic.dbx' not found.
Package biblatex Info: Trying to load biblatex custom data model...
Package biblatex Info: ... file 'biblatex-dm.cfg' not found.
\c@afterword=\count165
\c@savedafterword=\count166
\c@annotator=\count167
\c@savedannotator=\count168
\c@author=\count169
\c@savedauthor=\count170
\c@bookauthor=\count171
\c@savedbookauthor=\count172
\c@commentator=\count173
\c@savedcommentator=\count174
\c@editor=\count175
\c@savededitor=\count176
\c@editora=\count177
\c@savededitora=\count178
\c@editorb=\count179
\c@savededitorb=\count180
\c@editorc=\count181
\c@savededitorc=\count182
\c@foreword=\count183
\c@savedforeword=\count184
\c@holder=\count185
\c@savedholder=\count186
\c@introduction=\count187
\c@savedintroduction=\count188
\c@namea=\count189
\c@savednamea=\count190
\c@nameb=\count191
\c@savednameb=\count192
\c@namec=\count193
\c@savednamec=\count194
\c@translator=\count195
\c@savedtranslator=\count196
\c@shortauthor=\count197
\c@savedshortauthor=\count198
\c@shorteditor=\count199
\c@savedshorteditor=\count266
\c@labelname=\count267
\c@savedlabelname=\count268
\c@institution=\count269
\c@savedinstitution=\count270
\c@lista=\count271
\c@savedlista=\count272
\c@listb=\count273
\c@savedlistb=\count274
\c@listc=\count275
\c@savedlistc=\count276
\c@listd=\count277
\c@savedlistd=\count278
\c@liste=\count279
\c@savedliste=\count280
\c@listf=\count281
\c@savedlistf=\count282
\c@location=\count283
\c@savedlocation=\count284
\c@organization=\count285
\c@savedorganization=\count286
\c@origlocation=\count287
\c@savedoriglocation=\count288
\c@origpublisher=\count289
\c@savedorigpublisher=\count290
\c@publisher=\count291
\c@savedpublisher=\count292
\c@language=\count293
\c@savedlanguage=\count294
\c@origlanguage=\count295
\c@savedoriglanguage=\count296
\c@pageref=\count297
\c@savedpageref=\count298
\shorthandwidth=\skip62
\shortjournalwidth=\skip63
\shortserieswidth=\skip64
\shorttitlewidth=\skip65
\shortauthorwidth=\skip66
\shorteditorwidth=\skip67
\locallabelnumberwidth=\skip68
\locallabelalphawidth=\skip69
\localshorthandwidth=\skip70
\localshortjournalwidth=\skip71
\localshortserieswidth=\skip72
\localshorttitlewidth=\skip73
\localshortauthorwidth=\skip74
\localshorteditorwidth=\skip75
Package biblatex Info: Trying to load compatibility code...
Package biblatex Info: ... file 'blx-compat.def' found.

("C:\Users\chenn\AppData\Local\Programs\MiKTeX 2.9\tex\latex\biblatex\blx-compa
t.def"
File: blx-compat.def 2020/08/23 v3.15a biblatex compatibility (PK/MW)
)
("C:\Users\chenn\AppData\Local\Programs\MiKTeX 2.9\tex\latex\l3kernel\expl3.sty
"
Package: expl3 2019-01-01 L3 programming layer (loader) 

("C:\Users\chenn\AppData\Local\Programs\MiKTeX 2.9\tex\latex\l3kernel\expl3-cod
e.tex"
Package: expl3 2019-01-01 L3 programming layer (code)
\c_max_int=\count299
\l_tmpa_int=\count300
\l_tmpb_int=\count301
\g_tmpa_int=\count302
\g_tmpb_int=\count303
\g__kernel_prg_map_int=\count304
\c_log_iow=\count305
\l_iow_line_count_int=\count306
\l__iow_line_target_int=\count307
\l__iow_one_indent_int=\count308
\l__iow_indent_int=\count309
\c_zero_dim=\dimen139
\c_max_dim=\dimen140
\l_tmpa_dim=\dimen141
\l_tmpb_dim=\dimen142
\g_tmpa_dim=\dimen143
\g_tmpb_dim=\dimen144
\c_zero_skip=\skip76
\c_max_skip=\skip77
\l_tmpa_skip=\skip78
\l_tmpb_skip=\skip79
\g_tmpa_skip=\skip80
\g_tmpb_skip=\skip81
\c_zero_muskip=\muskip12
\c_max_muskip=\muskip13
\l_tmpa_muskip=\muskip14
\l_tmpb_muskip=\muskip15
\g_tmpa_muskip=\muskip16
\g_tmpb_muskip=\muskip17
\l_keys_choice_int=\count310
\l__intarray_loop_int=\count311
\c__intarray_sp_dim=\dimen145
\g__intarray_font_int=\count312
\c__fp_leading_shift_int=\count313
\c__fp_middle_shift_int=\count314
\c__fp_trailing_shift_int=\count315
\c__fp_big_leading_shift_int=\count316
\c__fp_big_middle_shift_int=\count317
\c__fp_big_trailing_shift_int=\count318
\c__fp_Bigg_leading_shift_int=\count319
\c__fp_Bigg_middle_shift_int=\count320
\c__fp_Bigg_trailing_shift_int=\count321
\c__kernel_randint_max_int=\count322
\g__fp_array_int=\count323
\l__fp_array_loop_int=\count324
\l__sort_length_int=\count325
\l__sort_min_int=\count326
\l__sort_top_int=\count327
\l__sort_max_int=\count328
\l__sort_true_max_int=\count329
\l__sort_block_int=\count330
\l__sort_begin_int=\count331
\l__sort_end_int=\count332
\l__sort_A_int=\count333
\l__sort_B_int=\count334
\l__sort_C_int=\count335
\l__tl_analysis_normal_int=\count336
\l__tl_analysis_index_int=\count337
\l__tl_analysis_nesting_int=\count338
\l__tl_analysis_type_int=\count339
\l__regex_internal_a_int=\count340
\l__regex_internal_b_int=\count341
\l__regex_internal_c_int=\count342
\l__regex_balance_int=\count343
\l__regex_group_level_int=\count344
\l__regex_mode_int=\count345
\c__regex_cs_in_class_mode_int=\count346
\c__regex_cs_mode_int=\count347
\l__regex_catcodes_int=\count348
\l__regex_default_catcodes_int=\count349
\c__regex_catcode_D_int=\count350
\c__regex_catcode_S_int=\count351
\c__regex_catcode_L_int=\count352
\c__regex_catcode_O_int=\count353
\c__regex_catcode_A_int=\count354
\c__regex_all_catcodes_int=\count355
\l__regex_show_lines_int=\count356
\l__regex_min_state_int=\count357
\l__regex_max_state_int=\count358
\l__regex_left_state_int=\count359
\l__regex_right_state_int=\count360
\l__regex_capturing_group_int=\count361
\l__regex_min_pos_int=\count362
\l__regex_max_pos_int=\count363
\l__regex_curr_pos_int=\count364
\l__regex_start_pos_int=\count365
\l__regex_success_pos_int=\count366
\l__regex_curr_char_int=\count367
\l__regex_curr_catcode_int=\count368
\l__regex_last_char_int=\count369
\l__regex_case_changed_char_int=\count370
\l__regex_curr_state_int=\count371
\l__regex_step_int=\count372
\l__regex_min_active_int=\count373
\l__regex_max_active_int=\count374
\l__regex_replacement_csnames_int=\count375
\l__regex_match_count_int=\count376
\l__regex_min_submatch_int=\count377
\l__regex_submatch_int=\count378
\l__regex_zeroth_submatch_int=\count379
\g__regex_trace_regex_int=\count380
\c_empty_box=\box31
\l_tmpa_box=\box32
\l_tmpb_box=\box33
\g_tmpa_box=\box34
\g_tmpb_box=\box35
\l__box_top_dim=\dimen146
\l__box_bottom_dim=\dimen147
\l__box_left_dim=\dimen148
\l__box_right_dim=\dimen149
\l__box_top_new_dim=\dimen150
\l__box_bottom_new_dim=\dimen151
\l__box_left_new_dim=\dimen152
\l__box_right_new_dim=\dimen153
\l__box_internal_box=\box36
\l__coffin_internal_box=\box37
\l__coffin_internal_dim=\dimen154
\l__coffin_offset_x_dim=\dimen155
\l__coffin_offset_y_dim=\dimen156
\l__coffin_x_dim=\dimen157
\l__coffin_y_dim=\dimen158
\l__coffin_x_prime_dim=\dimen159
\l__coffin_y_prime_dim=\dimen160
\c_empty_coffin=\box38
\l__coffin_aligned_coffin=\box39
\l__coffin_aligned_internal_coffin=\box40
\l_tmpa_coffin=\box41
\l_tmpb_coffin=\box42
\l__coffin_display_coffin=\box43
\l__coffin_display_coord_coffin=\box44
\l__coffin_display_pole_coffin=\box45
\l__coffin_display_offset_dim=\dimen161
\l__coffin_display_x_dim=\dimen162
\l__coffin_display_y_dim=\dimen163
\g__file_internal_ior=\read2
\l__coffin_bounding_shift_dim=\dimen164
\l__coffin_left_corner_dim=\dimen165
\l__coffin_right_corner_dim=\dimen166
\l__coffin_bottom_corner_dim=\dimen167
\l__coffin_top_corner_dim=\dimen168
\l__coffin_scaled_total_height_dim=\dimen169
\l__coffin_scaled_width_dim=\dimen170
\l__seq_internal_a_int=\count381
\l__seq_internal_b_int=\count382
)
("C:\Users\chenn\AppData\Local\Programs\MiKTeX 2.9\tex\latex\l3kernel\l3pdfmode
.def"
File: l3pdfmode.def 2019-01-01 v L3 Experimental driver: PDF mode
\l__driver_color_stack_int=\count383
))

LaTeX Warning: You have requested, on input line 15345, version
               `2020/04/06' of package expl3,
               but only version
               `2019-01-01 L3 programming layer (loader) '
               is available.

Package biblatex Info: expl3
(biblatex)             2019-01-01 L3 programming layer (loader) 
(biblatex)             is too old (older than 2020/04/06),
(biblatex)             setting 'casechanger=latex2e'.
Package biblatex Info: Trying to load LaTeX2e (legacy) case changing code...
Package biblatex Info: ... file 'blx-case-latex2e.def' found.

("C:\Users\chenn\AppData\Local\Programs\MiKTeX 2.9\tex\latex\biblatex\blx-case-
latex2e.def"
File: blx-case-latex2e.def 2020/08/23 v3.15a biblatex compatibility (PK/MW)
)
Package biblatex Info: Trying to load BibTeX backend compatibility...
Package biblatex Info: ... file 'blx-bibtex.def' found.

("C:\Users\chenn\AppData\Local\Programs\MiKTeX 2.9\tex\latex\biblatex\blx-bibte
x.def"
File: blx-bibtex.def 2020/08/23 v3.15a biblatex compatibility (PK/MW)


Package biblatex Warning: Using fall-back BibTeX(8) backend:
(biblatex)                functionality may be reduced/unavailable.

)
Package biblatex Info: Trying to load generic definitions...
Package biblatex Info: ... file 'biblatex.def' found.

("C:\Users\chenn\AppData\Local\Programs\MiKTeX 2.9\tex\latex\biblatex\biblatex.
def"
File: biblatex.def 2020/08/23 v3.15a biblatex compatibility (PK/MW)
\c@textcitecount=\count384
\c@textcitetotal=\count385
\c@textcitemaxnames=\count386
\c@biburlbigbreakpenalty=\count387
\c@biburlbreakpenalty=\count388
\c@biburlnumpenalty=\count389
\c@biburlucpenalty=\count390
\c@biburllcpenalty=\count391
\biburlbigskip=\muskip18
\biburlnumskip=\muskip19
\biburlucskip=\muskip20
\biburllcskip=\muskip21
\c@smartand=\count392
)
Package biblatex Info: Trying to load bibliography style 'alphabetic'...
Package biblatex Info: ... file 'alphabetic.bbx' found.

("C:\Users\chenn\AppData\Local\Programs\MiKTeX 2.9\tex\latex\biblatex\bbx\alpha
betic.bbx"
File: alphabetic.bbx 2020/08/23 v3.15a biblatex bibliography style (PK/MW)
Package biblatex Info: Trying to load bibliography style 'standard'...
Package biblatex Info: ... file 'standard.bbx' found.

("C:\Users\chenn\AppData\Local\Programs\MiKTeX 2.9\tex\latex\biblatex\bbx\stand
ard.bbx"
File: standard.bbx 2020/08/23 v3.15a biblatex bibliography style (PK/MW)
\c@bbx:relatedcount=\count393
\c@bbx:relatedtotal=\count394
))
Package biblatex Info: Trying to load citation style 'alphabetic'...
Package biblatex Info: ... file 'alphabetic.cbx' found.

("C:\Users\chenn\AppData\Local\Programs\MiKTeX 2.9\tex\latex\biblatex\cbx\alpha
betic.cbx"
File: alphabetic.cbx 2020/08/23 v3.15a biblatex citation style (PK/MW)
Package biblatex Info: Redefining '\cite'.
Package biblatex Info: Redefining '\parencite'.
Package biblatex Info: Redefining '\footcite'.
Package biblatex Info: Redefining '\footcitetext'.
Package biblatex Info: Redefining '\smartcite'.
Package biblatex Info: Redefining '\textcite'.
Package biblatex Info: Redefining '\textcites'.
Package biblatex Info: Redefining '\cites'.
Package biblatex Info: Redefining '\parencites'.
Package biblatex Info: Redefining '\smartcites'.
)
Package biblatex Info: Trying to load configuration file...
Package biblatex Info: ... file 'biblatex.cfg' found.

("C:\Users\chenn\AppData\Local\Programs\MiKTeX 2.9\tex\latex\biblatex\biblatex.
cfg"
File: biblatex.cfg 
))
("C:\Users\chenn\AppData\Local\Programs\MiKTeX 2.9\tex\latex\fancyhdr\fancyhdr.
sty"
Package: fancyhdr 2019/01/31 v3.10 Extensive control of page headers and footer
s
\f@nch@headwidth=\skip82
\f@nch@O@elh=\skip83
\f@nch@O@erh=\skip84
\f@nch@O@olh=\skip85
\f@nch@O@orh=\skip86
\f@nch@O@elf=\skip87
\f@nch@O@erf=\skip88
\f@nch@O@olf=\skip89
\f@nch@O@orf=\skip90
)
("C:\Users\chenn\AppData\Local\Programs\MiKTeX 2.9\tex\latex\hyperref\hyperref.
sty"
Package: hyperref 2018/02/06 v6.86b Hypertext links for LaTeX

("C:\Users\chenn\AppData\Local\Programs\MiKTeX 2.9\tex\generic\oberdiek\hobsub-
hyperref.sty"
Package: hobsub-hyperref 2016/05/16 v1.14 Bundle oberdiek, subset hyperref (HO)


("C:\Users\chenn\AppData\Local\Programs\MiKTeX 2.9\tex\generic\oberdiek\hobsub-
generic.sty"
Package: hobsub-generic 2016/05/16 v1.14 Bundle oberdiek, subset generic (HO)
Package: hobsub 2016/05/16 v1.14 Construct package bundles (HO)
Package hobsub Info: Skipping package `infwarerr' (already loaded).
Package hobsub Info: Skipping package `ltxcmds' (already loaded).
Package hobsub Info: Skipping package `ifluatex' (already loaded).
Package hobsub Info: Skipping package `ifvtex' (already loaded).
Package: intcalc 2016/05/16 v1.2 Expandable calculations with integers (HO)
Package hobsub Info: Skipping package `ifpdf' (already loaded).
Package hobsub Info: Skipping package `etexcmds' (already loaded).
Package hobsub Info: Skipping package `kvsetkeys' (already loaded).
Package: kvdefinekeys 2016/05/16 v1.4 Define keys (HO)
Package hobsub Info: Skipping package `pdftexcmds' (already loaded).
Package: pdfescape 2016/05/16 v1.14 Implements pdfTeX's escape features (HO)
Package: bigintcalc 2016/05/16 v1.4 Expandable calculations on big integers (HO
)
Package: bitset 2016/05/16 v1.2 Handle bit-vector datatype (HO)
Package: uniquecounter 2016/05/16 v1.3 Provide unlimited unique counter (HO)
)
Package hobsub Info: Skipping package `hobsub' (already loaded).
Package: letltxmacro 2016/05/16 v1.5 Let assignment for LaTeX macros (HO)
Package: hopatch 2016/05/16 v1.3 Wrapper for package hooks (HO)
Package: xcolor-patch 2016/05/16 xcolor patch
Package: atveryend 2016/05/16 v1.9 Hooks at the very end of document (HO)
Package: atbegshi 2016/06/09 v1.18 At begin shipout hook (HO)
Package: refcount 2016/05/16 v3.5 Data extraction from label references (HO)
Package: hycolor 2016/05/16 v1.8 Color options for hyperref/bookmark (HO)
)
("C:\Users\chenn\AppData\Local\Programs\MiKTeX 2.9\tex\latex\oberdiek\auxhook.s
ty"
Package: auxhook 2016/05/16 v1.4 Hooks for auxiliary files (HO)
)
\@linkdim=\dimen171
\Hy@linkcounter=\count395
\Hy@pagecounter=\count396

("C:\Users\chenn\AppData\Local\Programs\MiKTeX 2.9\tex\latex\hyperref\pd1enc.de
f"
File: pd1enc.def 2018/02/06 v6.86b Hyperref: PDFDocEncoding definition (HO)
Now handling font encoding PD1 ...
... no UTF-8 mapping file for font encoding PD1
)
\Hy@SavedSpaceFactor=\count397

("C:\Users\chenn\AppData\Local\Programs\MiKTeX 2.9\tex\latex\00miktex\hyperref.
cfg"
File: hyperref.cfg 2002/06/06 v1.2 hyperref configuration of TeXLive
)
Package hyperref Info: Option `colorlinks' set `true' on input line 4383.
Package hyperref Info: Hyper figures OFF on input line 4509.
Package hyperref Info: Link nesting OFF on input line 4514.
Package hyperref Info: Hyper index ON on input line 4517.
Package hyperref Info: Plain pages OFF on input line 4524.
Package hyperref Info: Backreferencing OFF on input line 4529.
Package hyperref Info: Implicit mode ON; LaTeX internals redefined.
Package hyperref Info: Bookmarks ON on input line 4762.
\c@Hy@tempcnt=\count398
LaTeX Info: Redefining \url on input line 5115.
\XeTeXLinkMargin=\dimen172
\Fld@menulength=\count399
\Field@Width=\dimen173
\Fld@charsize=\dimen174
Package hyperref Info: Hyper figures OFF on input line 6369.
Package hyperref Info: Link nesting OFF on input line 6374.
Package hyperref Info: Hyper index ON on input line 6377.
Package hyperref Info: backreferencing OFF on input line 6384.
Package hyperref Info: Link coloring ON on input line 6387.
Package hyperref Info: Link coloring with OCG OFF on input line 6394.
Package hyperref Info: PDF/A mode OFF on input line 6399.
LaTeX Info: Redefining \ref on input line 6439.
LaTeX Info: Redefining \pageref on input line 6443.
\Hy@abspage=\count400
\c@Item=\count401
\c@Hfootnote=\count402
)
Package hyperref Info: Driver (autodetected): hpdftex.

("C:\Users\chenn\AppData\Local\Programs\MiKTeX 2.9\tex\latex\hyperref\hpdftex.d
ef"
File: hpdftex.def 2018/02/06 v6.86b Hyperref driver for pdfTeX
\Fld@listcount=\count403
\c@bookmark@seq@number=\count404

("C:\Users\chenn\AppData\Local\Programs\MiKTeX 2.9\tex\latex\oberdiek\rerunfile
check.sty"
Package: rerunfilecheck 2016/05/16 v1.8 Rerun checks for auxiliary files (HO)
Package uniquecounter Info: New unique counter `rerunfilecheck' on input line 2
82.
)
\Hy@SectionHShift=\skip91
)
("C:\Users\chenn\AppData\Local\Programs\MiKTeX 2.9\tex\latex\cleveref\cleveref.
sty"
Package: cleveref 2018/03/27 v0.21.4 Intelligent cross-referencing
Package cleveref Info: `hyperref' support loaded on input line 2370.
LaTeX Info: Redefining \cref on input line 2370.
LaTeX Info: Redefining \Cref on input line 2370.
LaTeX Info: Redefining \crefrange on input line 2370.
LaTeX Info: Redefining \Crefrange on input line 2370.
LaTeX Info: Redefining \cpageref on input line 2370.
LaTeX Info: Redefining \Cpageref on input line 2370.
LaTeX Info: Redefining \cpagerefrange on input line 2370.
LaTeX Info: Redefining \Cpagerefrange on input line 2370.
LaTeX Info: Redefining \labelcref on input line 2370.
LaTeX Info: Redefining \labelcpageref on input line 2370.
Package cleveref Info: `amsthm' support loaded on input line 3026.
Package cleveref Info: always capitalise cross-reference names on input line 78
30.
Package cleveref Info: always capitalise cross-reference names on input line 78
52.
)) (defs.tex
\c@theorem=\count405
)
\@quotelevel=\count406
\@quotereset=\count407
 (main.aux)
\openout1 = `main.aux'.

LaTeX Font Info:    Checking defaults for OML/cmm/m/it on input line 15.
LaTeX Font Info:    ... okay on input line 15.
LaTeX Font Info:    Checking defaults for T1/cmr/m/n on input line 15.
LaTeX Font Info:    ... okay on input line 15.
LaTeX Font Info:    Checking defaults for OT1/cmr/m/n on input line 15.
LaTeX Font Info:    ... okay on input line 15.
LaTeX Font Info:    Checking defaults for OMS/cmsy/m/n on input line 15.
LaTeX Font Info:    ... okay on input line 15.
LaTeX Font Info:    Checking defaults for OMX/cmex/m/n on input line 15.
LaTeX Font Info:    ... okay on input line 15.
LaTeX Font Info:    Checking defaults for U/cmr/m/n on input line 15.
LaTeX Font Info:    ... okay on input line 15.
LaTeX Font Info:    Checking defaults for PD1/pdf/m/n on input line 15.
LaTeX Font Info:    ... okay on input line 15.

*geometry* driver: auto-detecting
*geometry* detected driver: pdftex
*geometry* verbose mode - [ preamble ] result:
* driver: pdftex
* paper: <default>
* layout: <same size as paper>
* layoutoffset:(h,v)=(0.0pt,0.0pt)
* modes: 
* h-part:(L,W,R)=(72.26999pt, 469.75502pt, 72.26999pt)
* v-part:(T,H,B)=(54.2025pt, 645.37012pt, 95.39737pt)
* \paperwidth=614.295pt
* \paperheight=794.96999pt
* \textwidth=469.75502pt
* \textheight=645.37012pt
* \oddsidemargin=0.0pt
* \evensidemargin=0.0pt
* \topmargin=-55.06749pt
* \headheight=40.0pt
* \headsep=25.0pt
* \topskip=10.0pt
* \footskip=25.0pt
* \marginparwidth=65.0pt
* \marginparsep=11.0pt
* \columnsep=10.0pt
* \skip\footins=9.0pt plus 4.0pt minus 2.0pt
* \hoffset=0.0pt
* \voffset=0.0pt
* \mag=1000
* \@twocolumnfalse
* \@twosidefalse
* \@mparswitchfalse
* \@reversemarginfalse
* (1in=72.27pt=25.4mm, 1cm=28.453pt)

Package caption Info: Begin \AtBeginDocument code.
Package caption Info: float package is loaded.
Package caption Info: hyperref package is loaded.
Package caption Info: End \AtBeginDocument code.

("C:\Users\chenn\AppData\Local\Programs\MiKTeX 2.9\tex\context\base\supp-pdf.mk
ii"
[Loading MPS to PDF converter (version 2006.09.02).]
\scratchcounter=\count408
\scratchdimen=\dimen175
\scratchbox=\box46
\nofMPsegments=\count409
\nofMParguments=\count410
\everyMPshowfont=\toks30
\MPscratchCnt=\count411
\MPscratchDim=\dimen176
\MPnumerator=\count412
\makeMPintoPDFobject=\count413
\everyMPtoPDFconversion=\toks31
)
("C:\Users\chenn\AppData\Local\Programs\MiKTeX 2.9\tex\latex\oberdiek\epstopdf-
base.sty"
Package: epstopdf-base 2016/05/15 v2.6 Base part for package epstopdf

("C:\Users\chenn\AppData\Local\Programs\MiKTeX 2.9\tex\latex\oberdiek\grfext.st
y"
Package: grfext 2016/05/16 v1.2 Manage graphics extensions (HO)
)
Package epstopdf-base Info: Redefining graphics rule for `.eps' on input line 4
38.
Package grfext Info: Graphics extension search list:
(grfext)             [.pdf,.png,.jpg,.eps]
(grfext)             \AppendGraphicsExtensions on input line 456.
)
Package biblatex Info: Trying to load language 'english'...
Package biblatex Info: ... file 'english.lbx' found.

("C:\Users\chenn\AppData\Local\Programs\MiKTeX 2.9\tex\latex\biblatex\lbx\engli
sh.lbx"
File: english.lbx 2020/08/23 v3.15a biblatex localization (PK/MW)
)
Package biblatex Info: Input encoding 'utf8' detected.
Package biblatex Info: Automatic encoding selection.
(biblatex)             Assuming data encoding 'utf8'.
Package biblatex Info: Input encoding 'utf8' specified.
Package biblatex Info: Data encoding 'utf8' specified.
(biblatex)             No need to reencode data.
\openout3 = `main-blx.bib'.

Package biblatex Info: Trying to load bibliographic data...


Package biblatex Warning: File 'main.bbl' is wrong format version - expected 3.
1.

Package biblatex Info: ... file 'main.bbl' found.
(main.bbl)
Package biblatex Info: Reference section=0 on input line 15.
Package biblatex Info: Reference segment=0 on input line 15.
\AtBeginShipoutBox=\box47
Package hyperref Info: Link coloring ON on input line 15.

("C:\Users\chenn\AppData\Local\Programs\MiKTeX 2.9\tex\latex\hyperref\nameref.s
ty"
Package: nameref 2016/05/21 v2.44 Cross-referencing by name of section

("C:\Users\chenn\AppData\Local\Programs\MiKTeX 2.9\tex\generic\oberdiek\gettitl
estring.sty"
Package: gettitlestring 2016/05/16 v1.5 Cleanup title references (HO)
)
\c@section@level=\count414
)
LaTeX Info: Redefining \ref on input line 15.
LaTeX Info: Redefining \pageref on input line 15.
LaTeX Info: Redefining \nameref on input line 15.
 (main.out) (main.out)
\@outlinefile=\write4
\openout4 = `main.out'.

LaTeX Font Info:    Try loading font information for U+msa on input line 18.

("C:\Users\chenn\AppData\Local\Programs\MiKTeX 2.9\tex\latex\amsfonts\umsa.fd"
File: umsa.fd 2013/01/14 v3.01 AMS symbols A
)
LaTeX Font Info:    Try loading font information for U+msb on input line 18.
("C:\Users\chenn\AppData\Local\Programs\MiKTeX 2.9\tex\latex\amsfonts\umsb.fd"
File: umsb.fd 2013/01/14 v3.01 AMS symbols B
) (sections/introduction.tex

LaTeX Warning: Citation 'chen1997testing' on page 1 undefined on input line 7.


LaTeX Warning: Citation 'elsner2004detecting' on page 1 undefined on input line
 7.


LaTeX Warning: Citation 'killick2012optimal' on page 1 undefined on input line 
7.


LaTeX Warning: Citation 'carlin1992hierarchical' on page 1 undefined on input l
ine 7.


LaTeX Warning: Citation 'carlin1992hierarchical' on page 1 undefined on input l
ine 8.


LaTeX Warning: Citation 'carlin1992hierarchical' on page 1 undefined on input l
ine 8.


LaTeX Warning: Citation 'stephens1994bayesian' on page 1 undefined on input lin
e 9.


LaTeX Warning: Citation 'lavielle2001application' on page 1 undefined on input 
line 9.


LaTeX Warning: Citation 'green1995reversible' on page 1 undefined on input line
 9.


LaTeX Warning: Citation 'antoch2008application' on page 1 undefined on input li
ne 9.


LaTeX Warning: Citation 'antoch2008application' on page 1 undefined on input li
ne 9.


LaTeX Warning: Citation 'carlin1992hierarchical' on page 1 undefined on input l
ine 9.


LaTeX Warning: Citation 'carlin1992hierarchical' on page 1 undefined on input l
ine 10.


LaTeX Warning: Citation 'antoch2008application' on page 1 undefined on input li
ne 10.


LaTeX Warning: Citation 'carlin1992hierarchical' on page 1 undefined on input l
ine 10.


LaTeX Warning: Citation 'antoch2008application' on page 1 undefined on input li
ne 10.


LaTeX Warning: Citation 'benson2018adaptive' on page 1 undefined on input line 
10.


Underfull \hbox (badness 10000) in paragraph at lines 7--11

 []


Overfull \hbox (2.86998pt too wide) in paragraph at lines 7--11
\OT1/cmr/m/n/10 One of the ear-li-est Bayesian ap-proaches to the change point 
prob-lem is de-vel-oped in [[]]
 []


Underfull \hbox (badness 10000) in paragraph at lines 7--11

 []


Overfull \hbox (4.9671pt too wide) in paragraph at lines 7--11
\OT1/cmr/m/n/10 dis-tri-bu-tions [[]; []]. The ap-proach in [[]]
 []


Underfull \hbox (badness 10000) in paragraph at lines 7--11

 []


Overfull \hbox (9.53667pt too wide) in paragraph at lines 7--11
\OT1/cmr/m/n/10 In this re-port, we com-pare the Bayesian change point de-tec-t
ion prob-lems pro-posed in [[]]
 []

[1

{C:/Users/chenn/AppData/Local/MiKTeX/2.9/pdftex/config/pdftex.map}])
(sections/problem.tex
Underfull \hbox (badness 10000) in paragraph at lines 16--19

 []


Underfull \hbox (badness 10000) in paragraph at lines 21--25

 []


Underfull \hbox (badness 10000) in paragraph at lines 21--25

 []


LaTeX Warning: Citation 'carlin1992hierarchical' on page 2 undefined on input l
ine 34.

[2]

LaTeX Warning: Citation 'antoch2008application' on page 3 undefined on input li
ne 46.


Overfull \hbox (6.31673pt too wide) in paragraph at lines 46--48
\OT1/cmr/m/n/10 Similarly, given $[]$, the Metropolis-within-Gibbs (MWG) sam-pl
er de-scribed in [[]]
 []


Underfull \hbox (badness 10000) in paragraph at lines 56--58

 []

) (sections/experiment.tex
Underfull \hbox (badness 10000) in paragraph at lines 66--2

 []


LaTeX Warning: Reference `appendix:sequences' on page 1 undefined on input line
 7.


LaTeX Warning: Reference `eqn:prior' on page 1 undefined on input line 8.


LaTeX Warning: Reference `fig:sequences_viz' on page 1 undefined on input line 
8.


Underfull \hbox (badness 10000) in paragraph at lines 7--9

 []

[3]
<fig/../../plots/Trace_M4_N60_NMCMC3_seed4_diffind2.png, id=72, 462.528pt x 346
.896pt>
File: fig/../../plots/Trace_M4_N60_NMCMC3_seed4_diffind2.png Graphic file (type
 png)
<use fig/../../plots/Trace_M4_N60_NMCMC3_seed4_diffind2.png>
Package pdftex.def Info: fig/../../plots/Trace_M4_N60_NMCMC3_seed4_diffind2.png
  used on input line 14.
(pdftex.def)             Requested size: 140.92793pt x 105.69461pt.
<fig/../../plots/Trace_post_burnin_M4_N60_NMCMC3_seed4_diffind2.png, id=74, 462
.528pt x 346.896pt>
File: fig/../../plots/Trace_post_burnin_M4_N60_NMCMC3_seed4_diffind2.png Graphi
c file (type png)
<use fig/../../plots/Trace_post_burnin_M4_N60_NMCMC3_seed4_diffind2.png>
Package pdftex.def Info: fig/../../plots/Trace_post_burnin_M4_N60_NMCMC3_seed4_
diffind2.png  used on input line 18.
(pdftex.def)             Requested size: 140.92793pt x 105.69461pt.
<fig/../../plots/KL_M2_N50_NMCMC1_seed0_diffind2.png, id=75, 462.528pt x 346.89
6pt>
File: fig/../../plots/KL_M2_N50_NMCMC1_seed0_diffind2.png Graphic file (type pn
g)
<use fig/../../plots/KL_M2_N50_NMCMC1_seed0_diffind2.png>
Package pdftex.def Info: fig/../../plots/KL_M2_N50_NMCMC1_seed0_diffind2.png  u
sed on input line 27.
(pdftex.def)             Requested size: 140.92793pt x 105.69461pt.
<fig/../../plots/KL_M2_N20000_NMCMC3_seed0_diffind2.png, id=76, 462.528pt x 346
.896pt>
File: fig/../../plots/KL_M2_N20000_NMCMC3_seed0_diffind2.png Graphic file (type
 png)
<use fig/../../plots/KL_M2_N20000_NMCMC3_seed0_diffind2.png>
Package pdftex.def Info: fig/../../plots/KL_M2_N20000_NMCMC3_seed0_diffind2.png
  used on input line 31.
(pdftex.def)             Requested size: 140.92793pt x 105.69461pt.
<fig/../../plots/KL_M3_N100_NMCMC3_seed0_diffind2.png, id=77, 462.528pt x 346.8
96pt>
File: fig/../../plots/KL_M3_N100_NMCMC3_seed0_diffind2.png Graphic file (type p
ng)
<use fig/../../plots/KL_M3_N100_NMCMC3_seed0_diffind2.png>
Package pdftex.def Info: fig/../../plots/KL_M3_N100_NMCMC3_seed0_diffind2.png  
used on input line 35.
(pdftex.def)             Requested size: 140.92793pt x 105.69461pt.
<fig/../../plots/KL_M4_N100_NMCMC3_seed0_diffind2.png, id=78, 462.528pt x 346.8
96pt>
File: fig/../../plots/KL_M4_N100_NMCMC3_seed0_diffind2.png Graphic file (type p
ng)
<use fig/../../plots/KL_M4_N100_NMCMC3_seed0_diffind2.png>
Package pdftex.def Info: fig/../../plots/KL_M4_N100_NMCMC3_seed0_diffind2.png  
used on input line 39.
(pdftex.def)             Requested size: 140.92793pt x 105.69461pt.
<fig/../../plots/KL_M4_N60_NMCMC3_seed0_diffind2.png, id=79, 462.528pt x 346.89
6pt>
File: fig/../../plots/KL_M4_N60_NMCMC3_seed0_diffind2.png Graphic file (type pn
g)
<use fig/../../plots/KL_M4_N60_NMCMC3_seed0_diffind2.png>
Package pdftex.def Info: fig/../../plots/KL_M4_N60_NMCMC3_seed0_diffind2.png  u
sed on input line 43.
(pdftex.def)             Requested size: 140.92793pt x 105.69461pt.


LaTeX Warning: `h' float specifier changed to `ht'.

<fig/../../plots/Posterior_post_burnin_M2_N50_NMCMC1_seed3_diffind2.png, id=80,
 462.528pt x 346.896pt>
File: fig/../../plots/Posterior_post_burnin_M2_N50_NMCMC1_seed3_diffind2.png Gr
aphic file (type png)
<use fig/../../plots/Posterior_post_burnin_M2_N50_NMCMC1_seed3_diffind2.png>
Package pdftex.def Info: fig/../../plots/Posterior_post_burnin_M2_N50_NMCMC1_se
ed3_diffind2.png  used on input line 52.
(pdftex.def)             Requested size: 140.92793pt x 105.69461pt.
<fig/../../plots/Posterior_post_burnin_M2_N20000_NMCMC3_seed3_diffind2.png, id=
81, 462.528pt x 346.896pt>
File: fig/../../plots/Posterior_post_burnin_M2_N20000_NMCMC3_seed3_diffind2.png
 Graphic file (type png)
<use fig/../../plots/Posterior_post_burnin_M2_N20000_NMCMC3_seed3_diffind2.png>

Package pdftex.def Info: fig/../../plots/Posterior_post_burnin_M2_N20000_NMCMC3
_seed3_diffind2.png  used on input line 56.
(pdftex.def)             Requested size: 140.92793pt x 105.69461pt.
<fig/../../plots/Posterior_post_burnin_M3_N100_NMCMC3_seed3_diffind2.png, id=82
, 462.528pt x 346.896pt>
File: fig/../../plots/Posterior_post_burnin_M3_N100_NMCMC3_seed3_diffind2.png G
raphic file (type png)
<use fig/../../plots/Posterior_post_burnin_M3_N100_NMCMC3_seed3_diffind2.png>
Package pdftex.def Info: fig/../../plots/Posterior_post_burnin_M3_N100_NMCMC3_s
eed3_diffind2.png  used on input line 60.
(pdftex.def)             Requested size: 140.92793pt x 105.69461pt.
<fig/../../plots/Posterior_post_burnin_M4_N100_NMCMC3_seed3_diffind2.png, id=83
, 462.528pt x 346.896pt>
File: fig/../../plots/Posterior_post_burnin_M4_N100_NMCMC3_seed3_diffind2.png G
raphic file (type png)
<use fig/../../plots/Posterior_post_burnin_M4_N100_NMCMC3_seed3_diffind2.png>
Package pdftex.def Info: fig/../../plots/Posterior_post_burnin_M4_N100_NMCMC3_s
eed3_diffind2.png  used on input line 64.
(pdftex.def)             Requested size: 140.92793pt x 105.69461pt.
<fig/../../plots/Posterior_post_burnin_M4_N60_NMCMC3_seed3_diffind2.png, id=84,
 462.528pt x 346.896pt>
File: fig/../../plots/Posterior_post_burnin_M4_N60_NMCMC3_seed3_diffind2.png Gr
aphic file (type png)
<use fig/../../plots/Posterior_post_burnin_M4_N60_NMCMC3_seed3_diffind2.png>
Package pdftex.def Info: fig/../../plots/Posterior_post_burnin_M4_N60_NMCMC3_se
ed3_diffind2.png  used on input line 68.
(pdftex.def)             Requested size: 140.92793pt x 105.69461pt.

LaTeX Warning: `h' float specifier changed to `ht'.

) (sections/discussion.tex) [4 <./fig/../../plots/Trace_M4_N60_NMCMC3_seed4_dif
find2.png> <./fig/../../plots/Trace_post_burnin_M4_N60_NMCMC3_seed4_diffind2.pn
g>] [5 <./fig/../../plots/KL_M2_N50_NMCMC1_seed0_diffind2.png> <./fig/../../plo
ts/KL_M2_N20000_NMCMC3_seed0_diffind2.png> <./fig/../../plots/KL_M3_N100_NMCMC3
_seed0_diffind2.png> <./fig/../../plots/KL_M4_N100_NMCMC3_seed0_diffind2.png> <
./fig/../../plots/KL_M4_N60_NMCMC3_seed0_diffind2.png> <./fig/../../plots/Poste
rior_post_burnin_M2_N50_NMCMC1_seed3_diffind2.png> <./fig/../../plots/Posterior
_post_burnin_M2_N20000_NMCMC3_seed3_diffind2.png> <./fig/../../plots/Posterior_
post_burnin_M3_N100_NMCMC3_seed3_diffind2.png> <./fig/../../plots/Posterior_pos
t_burnin_M4_N100_NMCMC3_seed3_diffind2.png> <./fig/../../plots/Posterior_post_b
urnin_M4_N60_NMCMC3_seed3_diffind2.png>] (sections/supplementary.tex
<fig/../../plots/sequence_M2_N50_seed1_diffind2.png, id=109, 462.528pt x 346.89
6pt>
File: fig/../../plots/sequence_M2_N50_seed1_diffind2.png Graphic file (type png
)
<use fig/../../plots/sequence_M2_N50_seed1_diffind2.png>
Package pdftex.def Info: fig/../../plots/sequence_M2_N50_seed1_diffind2.png  us
ed on input line 11.
(pdftex.def)             Requested size: 140.92793pt x 105.69461pt.
<fig/../../plots/sequence_M2_N20000_seed1_diffind2.png, id=110, 462.528pt x 346
.896pt>
File: fig/../../plots/sequence_M2_N20000_seed1_diffind2.png Graphic file (type 
png)
<use fig/../../plots/sequence_M2_N20000_seed1_diffind2.png>
Package pdftex.def Info: fig/../../plots/sequence_M2_N20000_seed1_diffind2.png 
 used on input line 16.
(pdftex.def)             Requested size: 140.92793pt x 105.69461pt.

Underfull \hbox (badness 1824) in paragraph at lines 17--17
[]\OT1/cmr/m/n/9 (b) |$\OML/cmm/m/it/9 n \OT1/cmr/m/n/9 = 20000\OML/cmm/m/it/9 
; k \OT1/cmr/m/n/9 = 1\OML/cmm/m/it/9 ; \OML/cmm/b/it/9  \OT1/cmr/m/n/9 =
 []

<fig/../../plots/sequence_M3_N100_seed2_diffind2.png, id=111, 462.528pt x 346.8
96pt>
File: fig/../../plots/sequence_M3_N100_seed2_diffind2.png Graphic file (type pn
g)
<use fig/../../plots/sequence_M3_N100_seed2_diffind2.png>
Package pdftex.def Info: fig/../../plots/sequence_M3_N100_seed2_diffind2.png  u
sed on input line 21.
(pdftex.def)             Requested size: 140.92793pt x 105.69461pt.

Underfull \hbox (badness 3746) in paragraph at lines 22--22
[]\OT1/cmr/m/n/9 (c) |$\OML/cmm/m/it/9 n \OT1/cmr/m/n/9 = 100\OML/cmm/m/it/9 ; 
k \OT1/cmr/m/n/9 = 2\OML/cmm/m/it/9 ; \OML/cmm/b/it/9  \OT1/cmr/m/n/9 =
 []

<fig/../../plots/sequence_M4_N100_seed3_diffind2.png, id=112, 462.528pt x 346.8
96pt>
File: fig/../../plots/sequence_M4_N100_seed3_diffind2.png Graphic file (type pn
g)
<use fig/../../plots/sequence_M4_N100_seed3_diffind2.png>
Package pdftex.def Info: fig/../../plots/sequence_M4_N100_seed3_diffind2.png  u
sed on input line 26.
(pdftex.def)             Requested size: 140.92793pt x 105.69461pt.

Underfull \hbox (badness 3514) in paragraph at lines 27--27
[]\OT1/cmr/m/n/9 (d) |$\OML/cmm/m/it/9 n \OT1/cmr/m/n/9 = 100\OML/cmm/m/it/9 ; 
k \OT1/cmr/m/n/9 = 3\OML/cmm/m/it/9 ; \OML/cmm/b/it/9  \OT1/cmr/m/n/9 =
 []

<fig/../../plots/sequence_M4_N60_seed3_diffind2.png, id=113, 462.528pt x 346.89
6pt>
File: fig/../../plots/sequence_M4_N60_seed3_diffind2.png Graphic file (type png
)
<use fig/../../plots/sequence_M4_N60_seed3_diffind2.png>
Package pdftex.def Info: fig/../../plots/sequence_M4_N60_seed3_diffind2.png  us
ed on input line 31.
(pdftex.def)             Requested size: 140.92793pt x 105.69461pt.

Underfull \hbox (badness 4927) in paragraph at lines 32--32
[]\OT1/cmr/m/n/9 (e) |$\OML/cmm/m/it/9 n \OT1/cmr/m/n/9 = 60\OML/cmm/m/it/9 ; k
 \OT1/cmr/m/n/9 = 3\OML/cmm/m/it/9 ; \OML/cmm/b/it/9  \OT1/cmr/m/n/9 =
 []

<fig/../../plots/SampleTime_M2_N50_NMCMC1_seed0_diffind2.png, id=114, 462.528pt
 x 346.896pt>
File: fig/../../plots/SampleTime_M2_N50_NMCMC1_seed0_diffind2.png Graphic file 
(type png)
<use fig/../../plots/SampleTime_M2_N50_NMCMC1_seed0_diffind2.png>
Package pdftex.def Info: fig/../../plots/SampleTime_M2_N50_NMCMC1_seed0_diffind
2.png  used on input line 44.
(pdftex.def)             Requested size: 140.92793pt x 105.69461pt.
<fig/../../plots/SampleTime_M2_N20000_NMCMC3_seed0_diffind2.png, id=115, 462.52
8pt x 346.896pt>
File: fig/../../plots/SampleTime_M2_N20000_NMCMC3_seed0_diffind2.png Graphic fi
le (type png)
<use fig/../../plots/SampleTime_M2_N20000_NMCMC3_seed0_diffind2.png>
Package pdftex.def Info: fig/../../plots/SampleTime_M2_N20000_NMCMC3_seed0_diff
ind2.png  used on input line 48.
(pdftex.def)             Requested size: 140.92793pt x 105.69461pt.
<fig/../../plots/SampleTime_M3_N100_NMCMC3_seed0_diffind2.png, id=116, 462.528p
t x 346.896pt>
File: fig/../../plots/SampleTime_M3_N100_NMCMC3_seed0_diffind2.png Graphic file
 (type png)
<use fig/../../plots/SampleTime_M3_N100_NMCMC3_seed0_diffind2.png>
Package pdftex.def Info: fig/../../plots/SampleTime_M3_N100_NMCMC3_seed0_diffin
d2.png  used on input line 52.
(pdftex.def)             Requested size: 140.92793pt x 105.69461pt.
<fig/../../plots/SampleTime_M4_N100_NMCMC3_seed0_diffind2.png, id=117, 462.528p
t x 346.896pt>
File: fig/../../plots/SampleTime_M4_N100_NMCMC3_seed0_diffind2.png Graphic file
 (type png)
<use fig/../../plots/SampleTime_M4_N100_NMCMC3_seed0_diffind2.png>
Package pdftex.def Info: fig/../../plots/SampleTime_M4_N100_NMCMC3_seed0_diffin
d2.png  used on input line 56.
(pdftex.def)             Requested size: 140.92793pt x 105.69461pt.
<fig/../../plots/SampleTime_M4_N60_NMCMC3_seed0_diffind2.png, id=118, 462.528pt
 x 346.896pt>
File: fig/../../plots/SampleTime_M4_N60_NMCMC3_seed0_diffind2.png Graphic file 
(type png)
<use fig/../../plots/SampleTime_M4_N60_NMCMC3_seed0_diffind2.png>
Package pdftex.def Info: fig/../../plots/SampleTime_M4_N60_NMCMC3_seed0_diffind
2.png  used on input line 60.
(pdftex.def)             Requested size: 140.92793pt x 105.69461pt.
[6

 <./fig/../../plots/sequence_M2_N50_seed1_diffind2.png> <./fig/../../plots/sequ
ence_M2_N20000_seed1_diffind2.png> <./fig/../../plots/sequence_M3_N100_seed2_di
ffind2.png> <./fig/../../plots/sequence_M4_N100_seed3_diffind2.png> <./fig/../.
./plots/sequence_M4_N60_seed3_diffind2.png>]
<fig/../../plots/Trace_M2_N50_NMCMC1_seed0_diffind2.png, id=133, 462.528pt x 34
6.896pt>
File: fig/../../plots/Trace_M2_N50_NMCMC1_seed0_diffind2.png Graphic file (type
 png)
<use fig/../../plots/Trace_M2_N50_NMCMC1_seed0_diffind2.png>
Package pdftex.def Info: fig/../../plots/Trace_M2_N50_NMCMC1_seed0_diffind2.png
  used on input line 71.
(pdftex.def)             Requested size: 140.92793pt x 105.69461pt.
<fig/../../plots/Trace_M2_N50_NMCMC1_seed1_diffind2.png, id=134, 462.528pt x 34
6.896pt>
File: fig/../../plots/Trace_M2_N50_NMCMC1_seed1_diffind2.png Graphic file (type
 png)
<use fig/../../plots/Trace_M2_N50_NMCMC1_seed1_diffind2.png>
Package pdftex.def Info: fig/../../plots/Trace_M2_N50_NMCMC1_seed1_diffind2.png
  used on input line 75.
(pdftex.def)             Requested size: 140.92793pt x 105.69461pt.
<fig/../../plots/Trace_M2_N50_NMCMC1_seed2_diffind2.png, id=135, 462.528pt x 34
6.896pt>
File: fig/../../plots/Trace_M2_N50_NMCMC1_seed2_diffind2.png Graphic file (type
 png)
<use fig/../../plots/Trace_M2_N50_NMCMC1_seed2_diffind2.png>
Package pdftex.def Info: fig/../../plots/Trace_M2_N50_NMCMC1_seed2_diffind2.png
  used on input line 79.
(pdftex.def)             Requested size: 140.92793pt x 105.69461pt.
<fig/../../plots/Trace_M2_N50_NMCMC1_seed3_diffind2.png, id=136, 462.528pt x 34
6.896pt>
File: fig/../../plots/Trace_M2_N50_NMCMC1_seed3_diffind2.png Graphic file (type
 png)
<use fig/../../plots/Trace_M2_N50_NMCMC1_seed3_diffind2.png>
Package pdftex.def Info: fig/../../plots/Trace_M2_N50_NMCMC1_seed3_diffind2.png
  used on input line 83.
(pdftex.def)             Requested size: 140.92793pt x 105.69461pt.
<fig/../../plots/Trace_M2_N50_NMCMC1_seed4_diffind2.png, id=137, 462.528pt x 34
6.896pt>
File: fig/../../plots/Trace_M2_N50_NMCMC1_seed4_diffind2.png Graphic file (type
 png)
<use fig/../../plots/Trace_M2_N50_NMCMC1_seed4_diffind2.png>
Package pdftex.def Info: fig/../../plots/Trace_M2_N50_NMCMC1_seed4_diffind2.png
  used on input line 87.
(pdftex.def)             Requested size: 140.92793pt x 105.69461pt.
<fig/../../plots/Trace_M2_N20000_NMCMC3_seed0_diffind2.png, id=138, 462.528pt x
 346.896pt>
File: fig/../../plots/Trace_M2_N20000_NMCMC3_seed0_diffind2.png Graphic file (t
ype png)
<use fig/../../plots/Trace_M2_N20000_NMCMC3_seed0_diffind2.png>
Package pdftex.def Info: fig/../../plots/Trace_M2_N20000_NMCMC3_seed0_diffind2.
png  used on input line 96.
(pdftex.def)             Requested size: 140.92793pt x 105.69461pt.
<fig/../../plots/Trace_M2_N20000_NMCMC3_seed1_diffind2.png, id=139, 462.528pt x
 346.896pt>
File: fig/../../plots/Trace_M2_N20000_NMCMC3_seed1_diffind2.png Graphic file (t
ype png)
<use fig/../../plots/Trace_M2_N20000_NMCMC3_seed1_diffind2.png>
Package pdftex.def Info: fig/../../plots/Trace_M2_N20000_NMCMC3_seed1_diffind2.
png  used on input line 100.
(pdftex.def)             Requested size: 140.92793pt x 105.69461pt.
<fig/../../plots/Trace_M2_N20000_NMCMC3_seed2_diffind2.png, id=140, 462.528pt x
 346.896pt>
File: fig/../../plots/Trace_M2_N20000_NMCMC3_seed2_diffind2.png Graphic file (t
ype png)
<use fig/../../plots/Trace_M2_N20000_NMCMC3_seed2_diffind2.png>
Package pdftex.def Info: fig/../../plots/Trace_M2_N20000_NMCMC3_seed2_diffind2.
png  used on input line 104.
(pdftex.def)             Requested size: 140.92793pt x 105.69461pt.
<fig/../../plots/Trace_M2_N20000_NMCMC3_seed3_diffind2.png, id=141, 462.528pt x
 346.896pt>
File: fig/../../plots/Trace_M2_N20000_NMCMC3_seed3_diffind2.png Graphic file (t
ype png)
<use fig/../../plots/Trace_M2_N20000_NMCMC3_seed3_diffind2.png>
Package pdftex.def Info: fig/../../plots/Trace_M2_N20000_NMCMC3_seed3_diffind2.
png  used on input line 108.
(pdftex.def)             Requested size: 140.92793pt x 105.69461pt.
<fig/../../plots/Trace_M2_N20000_NMCMC3_seed4_diffind2.png, id=142, 462.528pt x
 346.896pt>
File: fig/../../plots/Trace_M2_N20000_NMCMC3_seed4_diffind2.png Graphic file (t
ype png)
<use fig/../../plots/Trace_M2_N20000_NMCMC3_seed4_diffind2.png>
Package pdftex.def Info: fig/../../plots/Trace_M2_N20000_NMCMC3_seed4_diffind2.
png  used on input line 112.
(pdftex.def)             Requested size: 140.92793pt x 105.69461pt.
 [7 <./fig/../../plots/SampleTime_M2_N50_NMCMC1_seed0_diffind2.png> <./fig/../.
./plots/SampleTime_M2_N20000_NMCMC3_seed0_diffind2.png> <./fig/../../plots/Samp
leTime_M3_N100_NMCMC3_seed0_diffind2.png> <./fig/../../plots/SampleTime_M4_N100
_NMCMC3_seed0_diffind2.png> <./fig/../../plots/SampleTime_M4_N60_NMCMC3_seed0_d
iffind2.png> <./fig/../../plots/Trace_M2_N50_NMCMC1_seed0_diffind2.png> <./fig/
../../plots/Trace_M2_N50_NMCMC1_seed1_diffind2.png> <./fig/../../plots/Trace_M2
_N50_NMCMC1_seed2_diffind2.png> <./fig/../../plots/Trace_M2_N50_NMCMC1_seed3_di
ffind2.png> <./fig/../../plots/Trace_M2_N50_NMCMC1_seed4_diffind2.png>]
<fig/../../plots/Trace_M3_N100_NMCMC3_seed0_diffind2.png, id=162, 462.528pt x 3
46.896pt>
File: fig/../../plots/Trace_M3_N100_NMCMC3_seed0_diffind2.png Graphic file (typ
e png)
<use fig/../../plots/Trace_M3_N100_NMCMC3_seed0_diffind2.png>
Package pdftex.def Info: fig/../../plots/Trace_M3_N100_NMCMC3_seed0_diffind2.pn
g  used on input line 121.
(pdftex.def)             Requested size: 140.92793pt x 105.69461pt.
<fig/../../plots/Trace_M3_N100_NMCMC3_seed1_diffind2.png, id=163, 462.528pt x 3
46.896pt>
File: fig/../../plots/Trace_M3_N100_NMCMC3_seed1_diffind2.png Graphic file (typ
e png)
<use fig/../../plots/Trace_M3_N100_NMCMC3_seed1_diffind2.png>
Package pdftex.def Info: fig/../../plots/Trace_M3_N100_NMCMC3_seed1_diffind2.pn
g  used on input line 125.
(pdftex.def)             Requested size: 140.92793pt x 105.69461pt.
<fig/../../plots/Trace_M3_N100_NMCMC3_seed2_diffind2.png, id=164, 462.528pt x 3
46.896pt>
File: fig/../../plots/Trace_M3_N100_NMCMC3_seed2_diffind2.png Graphic file (typ
e png)
<use fig/../../plots/Trace_M3_N100_NMCMC3_seed2_diffind2.png>
Package pdftex.def Info: fig/../../plots/Trace_M3_N100_NMCMC3_seed2_diffind2.pn
g  used on input line 129.
(pdftex.def)             Requested size: 140.92793pt x 105.69461pt.
<fig/../../plots/Trace_M3_N100_NMCMC3_seed3_diffind2.png, id=165, 462.528pt x 3
46.896pt>
File: fig/../../plots/Trace_M3_N100_NMCMC3_seed3_diffind2.png Graphic file (typ
e png)
<use fig/../../plots/Trace_M3_N100_NMCMC3_seed3_diffind2.png>
Package pdftex.def Info: fig/../../plots/Trace_M3_N100_NMCMC3_seed3_diffind2.pn
g  used on input line 133.
(pdftex.def)             Requested size: 140.92793pt x 105.69461pt.
<fig/../../plots/Trace_M3_N100_NMCMC3_seed4_diffind2.png, id=166, 462.528pt x 3
46.896pt>
File: fig/../../plots/Trace_M3_N100_NMCMC3_seed4_diffind2.png Graphic file (typ
e png)
<use fig/../../plots/Trace_M3_N100_NMCMC3_seed4_diffind2.png>
Package pdftex.def Info: fig/../../plots/Trace_M3_N100_NMCMC3_seed4_diffind2.pn
g  used on input line 137.
(pdftex.def)             Requested size: 140.92793pt x 105.69461pt.
<fig/../../plots/Trace_M4_N100_NMCMC3_seed0_diffind2.png, id=167, 462.528pt x 3
46.896pt>
File: fig/../../plots/Trace_M4_N100_NMCMC3_seed0_diffind2.png Graphic file (typ
e png)
<use fig/../../plots/Trace_M4_N100_NMCMC3_seed0_diffind2.png>
Package pdftex.def Info: fig/../../plots/Trace_M4_N100_NMCMC3_seed0_diffind2.pn
g  used on input line 146.
(pdftex.def)             Requested size: 140.92793pt x 105.69461pt.
<fig/../../plots/Trace_M4_N100_NMCMC3_seed1_diffind2.png, id=168, 462.528pt x 3
46.896pt>
File: fig/../../plots/Trace_M4_N100_NMCMC3_seed1_diffind2.png Graphic file (typ
e png)
<use fig/../../plots/Trace_M4_N100_NMCMC3_seed1_diffind2.png>
Package pdftex.def Info: fig/../../plots/Trace_M4_N100_NMCMC3_seed1_diffind2.pn
g  used on input line 150.
(pdftex.def)             Requested size: 140.92793pt x 105.69461pt.
<fig/../../plots/Trace_M4_N100_NMCMC3_seed2_diffind2.png, id=169, 462.528pt x 3
46.896pt>
File: fig/../../plots/Trace_M4_N100_NMCMC3_seed2_diffind2.png Graphic file (typ
e png)
<use fig/../../plots/Trace_M4_N100_NMCMC3_seed2_diffind2.png>
Package pdftex.def Info: fig/../../plots/Trace_M4_N100_NMCMC3_seed2_diffind2.pn
g  used on input line 154.
(pdftex.def)             Requested size: 140.92793pt x 105.69461pt.
<fig/../../plots/Trace_M4_N100_NMCMC3_seed3_diffind2.png, id=170, 462.528pt x 3
46.896pt>
File: fig/../../plots/Trace_M4_N100_NMCMC3_seed3_diffind2.png Graphic file (typ
e png)
<use fig/../../plots/Trace_M4_N100_NMCMC3_seed3_diffind2.png>
Package pdftex.def Info: fig/../../plots/Trace_M4_N100_NMCMC3_seed3_diffind2.pn
g  used on input line 158.
(pdftex.def)             Requested size: 140.92793pt x 105.69461pt.
<fig/../../plots/Trace_M4_N100_NMCMC3_seed4_diffind2.png, id=171, 462.528pt x 3
46.896pt>
File: fig/../../plots/Trace_M4_N100_NMCMC3_seed4_diffind2.png Graphic file (typ
e png)
<use fig/../../plots/Trace_M4_N100_NMCMC3_seed4_diffind2.png>
Package pdftex.def Info: fig/../../plots/Trace_M4_N100_NMCMC3_seed4_diffind2.pn
g  used on input line 162.
(pdftex.def)             Requested size: 140.92793pt x 105.69461pt.
 [8 <./fig/../../plots/Trace_M2_N20000_NMCMC3_seed0_diffind2.png> <./fig/../../
plots/Trace_M2_N20000_NMCMC3_seed1_diffind2.png> <./fig/../../plots/Trace_M2_N2
0000_NMCMC3_seed2_diffind2.png> <./fig/../../plots/Trace_M2_N20000_NMCMC3_seed3
_diffind2.png> <./fig/../../plots/Trace_M2_N20000_NMCMC3_seed4_diffind2.png> <.
/fig/../../plots/Trace_M3_N100_NMCMC3_seed0_diffind2.png> <./fig/../../plots/Tr
ace_M3_N100_NMCMC3_seed1_diffind2.png> <./fig/../../plots/Trace_M3_N100_NMCMC3_
seed2_diffind2.png> <./fig/../../plots/Trace_M3_N100_NMCMC3_seed3_diffind2.png>
 <./fig/../../plots/Trace_M3_N100_NMCMC3_seed4_diffind2.png>]
<fig/../../plots/Trace_M4_N60_NMCMC3_seed0_diffind2.png, id=188, 462.528pt x 34
6.896pt>
File: fig/../../plots/Trace_M4_N60_NMCMC3_seed0_diffind2.png Graphic file (type
 png)
<use fig/../../plots/Trace_M4_N60_NMCMC3_seed0_diffind2.png>
Package pdftex.def Info: fig/../../plots/Trace_M4_N60_NMCMC3_seed0_diffind2.png
  used on input line 171.
(pdftex.def)             Requested size: 140.92793pt x 105.69461pt.
<fig/../../plots/Trace_M4_N60_NMCMC3_seed1_diffind2.png, id=189, 462.528pt x 34
6.896pt>
File: fig/../../plots/Trace_M4_N60_NMCMC3_seed1_diffind2.png Graphic file (type
 png)
<use fig/../../plots/Trace_M4_N60_NMCMC3_seed1_diffind2.png>
Package pdftex.def Info: fig/../../plots/Trace_M4_N60_NMCMC3_seed1_diffind2.png
  used on input line 175.
(pdftex.def)             Requested size: 140.92793pt x 105.69461pt.
<fig/../../plots/Trace_M4_N60_NMCMC3_seed2_diffind2.png, id=190, 462.528pt x 34
6.896pt>
File: fig/../../plots/Trace_M4_N60_NMCMC3_seed2_diffind2.png Graphic file (type
 png)
<use fig/../../plots/Trace_M4_N60_NMCMC3_seed2_diffind2.png>
Package pdftex.def Info: fig/../../plots/Trace_M4_N60_NMCMC3_seed2_diffind2.png
  used on input line 179.
(pdftex.def)             Requested size: 140.92793pt x 105.69461pt.
<fig/../../plots/Trace_M4_N60_NMCMC3_seed3_diffind2.png, id=191, 462.528pt x 34
6.896pt>
File: fig/../../plots/Trace_M4_N60_NMCMC3_seed3_diffind2.png Graphic file (type
 png)
<use fig/../../plots/Trace_M4_N60_NMCMC3_seed3_diffind2.png>
Package pdftex.def Info: fig/../../plots/Trace_M4_N60_NMCMC3_seed3_diffind2.png
  used on input line 183.
(pdftex.def)             Requested size: 140.92793pt x 105.69461pt.
File: fig/../../plots/Trace_M4_N60_NMCMC3_seed4_diffind2.png Graphic file (type
 png)
<use fig/../../plots/Trace_M4_N60_NMCMC3_seed4_diffind2.png>
Package pdftex.def Info: fig/../../plots/Trace_M4_N60_NMCMC3_seed4_diffind2.png
  used on input line 187.
(pdftex.def)             Requested size: 140.92793pt x 105.69461pt.
<fig/../../plots/Trace_post_burnin_M2_N50_NMCMC1_seed0_diffind2.png, id=192, 46
2.528pt x 346.896pt>
File: fig/../../plots/Trace_post_burnin_M2_N50_NMCMC1_seed0_diffind2.png Graphi
c file (type png)
<use fig/../../plots/Trace_post_burnin_M2_N50_NMCMC1_seed0_diffind2.png>
Package pdftex.def Info: fig/../../plots/Trace_post_burnin_M2_N50_NMCMC1_seed0_
diffind2.png  used on input line 198.
(pdftex.def)             Requested size: 140.92793pt x 105.69461pt.
<fig/../../plots/Trace_post_burnin_M2_N50_NMCMC1_seed1_diffind2.png, id=193, 46
2.528pt x 346.896pt>
File: fig/../../plots/Trace_post_burnin_M2_N50_NMCMC1_seed1_diffind2.png Graphi
c file (type png)
<use fig/../../plots/Trace_post_burnin_M2_N50_NMCMC1_seed1_diffind2.png>
Package pdftex.def Info: fig/../../plots/Trace_post_burnin_M2_N50_NMCMC1_seed1_
diffind2.png  used on input line 202.
(pdftex.def)             Requested size: 140.92793pt x 105.69461pt.
<fig/../../plots/Trace_post_burnin_M2_N50_NMCMC1_seed2_diffind2.png, id=194, 46
2.528pt x 346.896pt>
File: fig/../../plots/Trace_post_burnin_M2_N50_NMCMC1_seed2_diffind2.png Graphi
c file (type png)
<use fig/../../plots/Trace_post_burnin_M2_N50_NMCMC1_seed2_diffind2.png>
Package pdftex.def Info: fig/../../plots/Trace_post_burnin_M2_N50_NMCMC1_seed2_
diffind2.png  used on input line 206.
(pdftex.def)             Requested size: 140.92793pt x 105.69461pt.
<fig/../../plots/Trace_post_burnin_M2_N50_NMCMC1_seed3_diffind2.png, id=195, 46
2.528pt x 346.896pt>
File: fig/../../plots/Trace_post_burnin_M2_N50_NMCMC1_seed3_diffind2.png Graphi
c file (type png)
<use fig/../../plots/Trace_post_burnin_M2_N50_NMCMC1_seed3_diffind2.png>
Package pdftex.def Info: fig/../../plots/Trace_post_burnin_M2_N50_NMCMC1_seed3_
diffind2.png  used on input line 210.
(pdftex.def)             Requested size: 140.92793pt x 105.69461pt.
<fig/../../plots/Trace_post_burnin_M2_N50_NMCMC1_seed4_diffind2.png, id=196, 46
2.528pt x 346.896pt>
File: fig/../../plots/Trace_post_burnin_M2_N50_NMCMC1_seed4_diffind2.png Graphi
c file (type png)
<use fig/../../plots/Trace_post_burnin_M2_N50_NMCMC1_seed4_diffind2.png>
Package pdftex.def Info: fig/../../plots/Trace_post_burnin_M2_N50_NMCMC1_seed4_
diffind2.png  used on input line 214.
(pdftex.def)             Requested size: 140.92793pt x 105.69461pt.
 [9 <./fig/../../plots/Trace_M4_N100_NMCMC3_seed0_diffind2.png> <./fig/../../pl
ots/Trace_M4_N100_NMCMC3_seed1_diffind2.png> <./fig/../../plots/Trace_M4_N100_N
MCMC3_seed2_diffind2.png> <./fig/../../plots/Trace_M4_N100_NMCMC3_seed3_diffind
2.png> <./fig/../../plots/Trace_M4_N100_NMCMC3_seed4_diffind2.png> <./fig/../..
/plots/Trace_M4_N60_NMCMC3_seed0_diffind2.png> <./fig/../../plots/Trace_M4_N60_
NMCMC3_seed1_diffind2.png> <./fig/../../plots/Trace_M4_N60_NMCMC3_seed2_diffind
2.png> <./fig/../../plots/Trace_M4_N60_NMCMC3_seed3_diffind2.png>]
<fig/../../plots/Trace_post_burnin_M2_N20000_NMCMC3_seed0_diffind2.png, id=212,
 462.528pt x 346.896pt>
File: fig/../../plots/Trace_post_burnin_M2_N20000_NMCMC3_seed0_diffind2.png Gra
phic file (type png)
<use fig/../../plots/Trace_post_burnin_M2_N20000_NMCMC3_seed0_diffind2.png>
Package pdftex.def Info: fig/../../plots/Trace_post_burnin_M2_N20000_NMCMC3_see
d0_diffind2.png  used on input line 223.
(pdftex.def)             Requested size: 140.92793pt x 105.69461pt.
<fig/../../plots/Trace_post_burnin_M2_N20000_NMCMC3_seed1_diffind2.png, id=213,
 462.528pt x 346.896pt>
File: fig/../../plots/Trace_post_burnin_M2_N20000_NMCMC3_seed1_diffind2.png Gra
phic file (type png)
<use fig/../../plots/Trace_post_burnin_M2_N20000_NMCMC3_seed1_diffind2.png>
Package pdftex.def Info: fig/../../plots/Trace_post_burnin_M2_N20000_NMCMC3_see
d1_diffind2.png  used on input line 227.
(pdftex.def)             Requested size: 140.92793pt x 105.69461pt.
<fig/../../plots/Trace_post_burnin_M2_N20000_NMCMC3_seed2_diffind2.png, id=214,
 462.528pt x 346.896pt>
File: fig/../../plots/Trace_post_burnin_M2_N20000_NMCMC3_seed2_diffind2.png Gra
phic file (type png)
<use fig/../../plots/Trace_post_burnin_M2_N20000_NMCMC3_seed2_diffind2.png>
Package pdftex.def Info: fig/../../plots/Trace_post_burnin_M2_N20000_NMCMC3_see
d2_diffind2.png  used on input line 231.
(pdftex.def)             Requested size: 140.92793pt x 105.69461pt.
<fig/../../plots/Trace_post_burnin_M2_N20000_NMCMC3_seed3_diffind2.png, id=215,
 462.528pt x 346.896pt>
File: fig/../../plots/Trace_post_burnin_M2_N20000_NMCMC3_seed3_diffind2.png Gra
phic file (type png)
<use fig/../../plots/Trace_post_burnin_M2_N20000_NMCMC3_seed3_diffind2.png>
Package pdftex.def Info: fig/../../plots/Trace_post_burnin_M2_N20000_NMCMC3_see
d3_diffind2.png  used on input line 235.
(pdftex.def)             Requested size: 140.92793pt x 105.69461pt.
<fig/../../plots/Trace_post_burnin_M2_N20000_NMCMC3_seed4_diffind2.png, id=216,
 462.528pt x 346.896pt>
File: fig/../../plots/Trace_post_burnin_M2_N20000_NMCMC3_seed4_diffind2.png Gra
phic file (type png)
<use fig/../../plots/Trace_post_burnin_M2_N20000_NMCMC3_seed4_diffind2.png>
Package pdftex.def Info: fig/../../plots/Trace_post_burnin_M2_N20000_NMCMC3_see
d4_diffind2.png  used on input line 239.
(pdftex.def)             Requested size: 140.92793pt x 105.69461pt.
<fig/../../plots/Trace_post_burnin_M3_N100_NMCMC3_seed0_diffind2.png, id=217, 4
62.528pt x 346.896pt>
File: fig/../../plots/Trace_post_burnin_M3_N100_NMCMC3_seed0_diffind2.png Graph
ic file (type png)
<use fig/../../plots/Trace_post_burnin_M3_N100_NMCMC3_seed0_diffind2.png>
Package pdftex.def Info: fig/../../plots/Trace_post_burnin_M3_N100_NMCMC3_seed0
_diffind2.png  used on input line 248.
(pdftex.def)             Requested size: 140.92793pt x 105.69461pt.
<fig/../../plots/Trace_post_burnin_M3_N100_NMCMC3_seed1_diffind2.png, id=218, 4
62.528pt x 346.896pt>
File: fig/../../plots/Trace_post_burnin_M3_N100_NMCMC3_seed1_diffind2.png Graph
ic file (type png)
<use fig/../../plots/Trace_post_burnin_M3_N100_NMCMC3_seed1_diffind2.png>
Package pdftex.def Info: fig/../../plots/Trace_post_burnin_M3_N100_NMCMC3_seed1
_diffind2.png  used on input line 252.
(pdftex.def)             Requested size: 140.92793pt x 105.69461pt.
<fig/../../plots/Trace_post_burnin_M3_N100_NMCMC3_seed2_diffind2.png, id=219, 4
62.528pt x 346.896pt>
File: fig/../../plots/Trace_post_burnin_M3_N100_NMCMC3_seed2_diffind2.png Graph
ic file (type png)
<use fig/../../plots/Trace_post_burnin_M3_N100_NMCMC3_seed2_diffind2.png>
Package pdftex.def Info: fig/../../plots/Trace_post_burnin_M3_N100_NMCMC3_seed2
_diffind2.png  used on input line 256.
(pdftex.def)             Requested size: 140.92793pt x 105.69461pt.
<fig/../../plots/Trace_post_burnin_M3_N100_NMCMC3_seed3_diffind2.png, id=220, 4
62.528pt x 346.896pt>
File: fig/../../plots/Trace_post_burnin_M3_N100_NMCMC3_seed3_diffind2.png Graph
ic file (type png)
<use fig/../../plots/Trace_post_burnin_M3_N100_NMCMC3_seed3_diffind2.png>
Package pdftex.def Info: fig/../../plots/Trace_post_burnin_M3_N100_NMCMC3_seed3
_diffind2.png  used on input line 260.
(pdftex.def)             Requested size: 140.92793pt x 105.69461pt.
<fig/../../plots/Trace_post_burnin_M3_N100_NMCMC3_seed4_diffind2.png, id=221, 4
62.528pt x 346.896pt>
File: fig/../../plots/Trace_post_burnin_M3_N100_NMCMC3_seed4_diffind2.png Graph
ic file (type png)
<use fig/../../plots/Trace_post_burnin_M3_N100_NMCMC3_seed4_diffind2.png>
Package pdftex.def Info: fig/../../plots/Trace_post_burnin_M3_N100_NMCMC3_seed4
_diffind2.png  used on input line 264.
(pdftex.def)             Requested size: 140.92793pt x 105.69461pt.
 [10 <./fig/../../plots/Trace_post_burnin_M2_N50_NMCMC1_seed0_diffind2.png> <./
fig/../../plots/Trace_post_burnin_M2_N50_NMCMC1_seed1_diffind2.png> <./fig/../.
./plots/Trace_post_burnin_M2_N50_NMCMC1_seed2_diffind2.png> <./fig/../../plots/
Trace_post_burnin_M2_N50_NMCMC1_seed3_diffind2.png> <./fig/../../plots/Trace_po
st_burnin_M2_N50_NMCMC1_seed4_diffind2.png> <./fig/../../plots/Trace_post_burni
n_M2_N20000_NMCMC3_seed0_diffind2.png> <./fig/../../plots/Trace_post_burnin_M2_
N20000_NMCMC3_seed1_diffind2.png> <./fig/../../plots/Trace_post_burnin_M2_N2000
0_NMCMC3_seed2_diffind2.png> <./fig/../../plots/Trace_post_burnin_M2_N20000_NMC
MC3_seed3_diffind2.png> <./fig/../../plots/Trace_post_burnin_M2_N20000_NMCMC3_s
eed4_diffind2.png>]
<fig/../../plots/Trace_post_burnin_M4_N100_NMCMC3_seed0_diffind2.png, id=239, 4
62.528pt x 346.896pt>
File: fig/../../plots/Trace_post_burnin_M4_N100_NMCMC3_seed0_diffind2.png Graph
ic file (type png)
<use fig/../../plots/Trace_post_burnin_M4_N100_NMCMC3_seed0_diffind2.png>
Package pdftex.def Info: fig/../../plots/Trace_post_burnin_M4_N100_NMCMC3_seed0
_diffind2.png  used on input line 273.
(pdftex.def)             Requested size: 140.92793pt x 105.69461pt.
<fig/../../plots/Trace_post_burnin_M4_N100_NMCMC3_seed1_diffind2.png, id=240, 4
62.528pt x 346.896pt>
File: fig/../../plots/Trace_post_burnin_M4_N100_NMCMC3_seed1_diffind2.png Graph
ic file (type png)
<use fig/../../plots/Trace_post_burnin_M4_N100_NMCMC3_seed1_diffind2.png>
Package pdftex.def Info: fig/../../plots/Trace_post_burnin_M4_N100_NMCMC3_seed1
_diffind2.png  used on input line 277.
(pdftex.def)             Requested size: 140.92793pt x 105.69461pt.
<fig/../../plots/Trace_post_burnin_M4_N100_NMCMC3_seed2_diffind2.png, id=241, 4
62.528pt x 346.896pt>
File: fig/../../plots/Trace_post_burnin_M4_N100_NMCMC3_seed2_diffind2.png Graph
ic file (type png)
<use fig/../../plots/Trace_post_burnin_M4_N100_NMCMC3_seed2_diffind2.png>
Package pdftex.def Info: fig/../../plots/Trace_post_burnin_M4_N100_NMCMC3_seed2
_diffind2.png  used on input line 281.
(pdftex.def)             Requested size: 140.92793pt x 105.69461pt.
<fig/../../plots/Trace_post_burnin_M4_N100_NMCMC3_seed3_diffind2.png, id=242, 4
62.528pt x 346.896pt>
File: fig/../../plots/Trace_post_burnin_M4_N100_NMCMC3_seed3_diffind2.png Graph
ic file (type png)
<use fig/../../plots/Trace_post_burnin_M4_N100_NMCMC3_seed3_diffind2.png>
Package pdftex.def Info: fig/../../plots/Trace_post_burnin_M4_N100_NMCMC3_seed3
_diffind2.png  used on input line 285.
(pdftex.def)             Requested size: 140.92793pt x 105.69461pt.
<fig/../../plots/Trace_post_burnin_M4_N100_NMCMC3_seed4_diffind2.png, id=243, 4
62.528pt x 346.896pt>
File: fig/../../plots/Trace_post_burnin_M4_N100_NMCMC3_seed4_diffind2.png Graph
ic file (type png)
<use fig/../../plots/Trace_post_burnin_M4_N100_NMCMC3_seed4_diffind2.png>
Package pdftex.def Info: fig/../../plots/Trace_post_burnin_M4_N100_NMCMC3_seed4
_diffind2.png  used on input line 289.
(pdftex.def)             Requested size: 140.92793pt x 105.69461pt.
<fig/../../plots/Trace_post_burnin_M4_N60_NMCMC3_seed0_diffind2.png, id=244, 46
2.528pt x 346.896pt>
File: fig/../../plots/Trace_post_burnin_M4_N60_NMCMC3_seed0_diffind2.png Graphi
c file (type png)
<use fig/../../plots/Trace_post_burnin_M4_N60_NMCMC3_seed0_diffind2.png>
Package pdftex.def Info: fig/../../plots/Trace_post_burnin_M4_N60_NMCMC3_seed0_
diffind2.png  used on input line 298.
(pdftex.def)             Requested size: 140.92793pt x 105.69461pt.
<fig/../../plots/Trace_post_burnin_M4_N60_NMCMC3_seed1_diffind2.png, id=245, 46
2.528pt x 346.896pt>
File: fig/../../plots/Trace_post_burnin_M4_N60_NMCMC3_seed1_diffind2.png Graphi
c file (type png)
<use fig/../../plots/Trace_post_burnin_M4_N60_NMCMC3_seed1_diffind2.png>
Package pdftex.def Info: fig/../../plots/Trace_post_burnin_M4_N60_NMCMC3_seed1_
diffind2.png  used on input line 302.
(pdftex.def)             Requested size: 140.92793pt x 105.69461pt.
<fig/../../plots/Trace_post_burnin_M4_N60_NMCMC3_seed2_diffind2.png, id=246, 46
2.528pt x 346.896pt>
File: fig/../../plots/Trace_post_burnin_M4_N60_NMCMC3_seed2_diffind2.png Graphi
c file (type png)
<use fig/../../plots/Trace_post_burnin_M4_N60_NMCMC3_seed2_diffind2.png>
Package pdftex.def Info: fig/../../plots/Trace_post_burnin_M4_N60_NMCMC3_seed2_
diffind2.png  used on input line 306.
(pdftex.def)             Requested size: 140.92793pt x 105.69461pt.
<fig/../../plots/Trace_post_burnin_M4_N60_NMCMC3_seed3_diffind2.png, id=247, 46
2.528pt x 346.896pt>
File: fig/../../plots/Trace_post_burnin_M4_N60_NMCMC3_seed3_diffind2.png Graphi
c file (type png)
<use fig/../../plots/Trace_post_burnin_M4_N60_NMCMC3_seed3_diffind2.png>
Package pdftex.def Info: fig/../../plots/Trace_post_burnin_M4_N60_NMCMC3_seed3_
diffind2.png  used on input line 310.
(pdftex.def)             Requested size: 140.92793pt x 105.69461pt.
File: fig/../../plots/Trace_post_burnin_M4_N60_NMCMC3_seed4_diffind2.png Graphi
c file (type png)
<use fig/../../plots/Trace_post_burnin_M4_N60_NMCMC3_seed4_diffind2.png>
Package pdftex.def Info: fig/../../plots/Trace_post_burnin_M4_N60_NMCMC3_seed4_
diffind2.png  used on input line 314.
(pdftex.def)             Requested size: 140.92793pt x 105.69461pt.
 [11 <./fig/../../plots/Trace_post_burnin_M3_N100_NMCMC3_seed0_diffind2.png> <.
/fig/../../plots/Trace_post_burnin_M3_N100_NMCMC3_seed1_diffind2.png> <./fig/..
/../plots/Trace_post_burnin_M3_N100_NMCMC3_seed2_diffind2.png> <./fig/../../plo
ts/Trace_post_burnin_M3_N100_NMCMC3_seed3_diffind2.png> <./fig/../../plots/Trac
e_post_burnin_M3_N100_NMCMC3_seed4_diffind2.png> <./fig/../../plots/Trace_post_
burnin_M4_N100_NMCMC3_seed0_diffind2.png> <./fig/../../plots/Trace_post_burnin_
M4_N100_NMCMC3_seed1_diffind2.png> <./fig/../../plots/Trace_post_burnin_M4_N100
_NMCMC3_seed2_diffind2.png> <./fig/../../plots/Trace_post_burnin_M4_N100_NMCMC3
_seed3_diffind2.png> <./fig/../../plots/Trace_post_burnin_M4_N100_NMCMC3_seed4_
diffind2.png>]
<fig/../../plots/Posterior_post_burnin_M2_N50_NMCMC1_seed0_diffind2.png, id=264
, 462.528pt x 346.896pt>
File: fig/../../plots/Posterior_post_burnin_M2_N50_NMCMC1_seed0_diffind2.png Gr
aphic file (type png)
<use fig/../../plots/Posterior_post_burnin_M2_N50_NMCMC1_seed0_diffind2.png>
Package pdftex.def Info: fig/../../plots/Posterior_post_burnin_M2_N50_NMCMC1_se
ed0_diffind2.png  used on input line 325.
(pdftex.def)             Requested size: 140.92793pt x 105.69461pt.
<fig/../../plots/Posterior_post_burnin_M2_N50_NMCMC1_seed1_diffind2.png, id=265
, 462.528pt x 346.896pt>
File: fig/../../plots/Posterior_post_burnin_M2_N50_NMCMC1_seed1_diffind2.png Gr
aphic file (type png)
<use fig/../../plots/Posterior_post_burnin_M2_N50_NMCMC1_seed1_diffind2.png>
Package pdftex.def Info: fig/../../plots/Posterior_post_burnin_M2_N50_NMCMC1_se
ed1_diffind2.png  used on input line 329.
(pdftex.def)             Requested size: 140.92793pt x 105.69461pt.
<fig/../../plots/Posterior_post_burnin_M2_N50_NMCMC1_seed2_diffind2.png, id=266
, 462.528pt x 346.896pt>
File: fig/../../plots/Posterior_post_burnin_M2_N50_NMCMC1_seed2_diffind2.png Gr
aphic file (type png)
<use fig/../../plots/Posterior_post_burnin_M2_N50_NMCMC1_seed2_diffind2.png>
Package pdftex.def Info: fig/../../plots/Posterior_post_burnin_M2_N50_NMCMC1_se
ed2_diffind2.png  used on input line 333.
(pdftex.def)             Requested size: 140.92793pt x 105.69461pt.
File: fig/../../plots/Posterior_post_burnin_M2_N50_NMCMC1_seed3_diffind2.png Gr
aphic file (type png)
<use fig/../../plots/Posterior_post_burnin_M2_N50_NMCMC1_seed3_diffind2.png>
Package pdftex.def Info: fig/../../plots/Posterior_post_burnin_M2_N50_NMCMC1_se
ed3_diffind2.png  used on input line 337.
(pdftex.def)             Requested size: 140.92793pt x 105.69461pt.
<fig/../../plots/Posterior_post_burnin_M2_N50_NMCMC1_seed4_diffind2.png, id=267
, 462.528pt x 346.896pt>
File: fig/../../plots/Posterior_post_burnin_M2_N50_NMCMC1_seed4_diffind2.png Gr
aphic file (type png)
<use fig/../../plots/Posterior_post_burnin_M2_N50_NMCMC1_seed4_diffind2.png>
Package pdftex.def Info: fig/../../plots/Posterior_post_burnin_M2_N50_NMCMC1_se
ed4_diffind2.png  used on input line 341.
(pdftex.def)             Requested size: 140.92793pt x 105.69461pt.
<fig/../../plots/Posterior_post_burnin_M2_N20000_NMCMC3_seed0_diffind2.png, id=
268, 462.528pt x 346.896pt>
File: fig/../../plots/Posterior_post_burnin_M2_N20000_NMCMC3_seed0_diffind2.png
 Graphic file (type png)
<use fig/../../plots/Posterior_post_burnin_M2_N20000_NMCMC3_seed0_diffind2.png>

Package pdftex.def Info: fig/../../plots/Posterior_post_burnin_M2_N20000_NMCMC3
_seed0_diffind2.png  used on input line 350.
(pdftex.def)             Requested size: 140.92793pt x 105.69461pt.
<fig/../../plots/Posterior_post_burnin_M2_N20000_NMCMC3_seed1_diffind2.png, id=
269, 462.528pt x 346.896pt>
File: fig/../../plots/Posterior_post_burnin_M2_N20000_NMCMC3_seed1_diffind2.png
 Graphic file (type png)
<use fig/../../plots/Posterior_post_burnin_M2_N20000_NMCMC3_seed1_diffind2.png>

Package pdftex.def Info: fig/../../plots/Posterior_post_burnin_M2_N20000_NMCMC3
_seed1_diffind2.png  used on input line 354.
(pdftex.def)             Requested size: 140.92793pt x 105.69461pt.
<fig/../../plots/Posterior_post_burnin_M2_N20000_NMCMC3_seed2_diffind2.png, id=
270, 462.528pt x 346.896pt>
File: fig/../../plots/Posterior_post_burnin_M2_N20000_NMCMC3_seed2_diffind2.png
 Graphic file (type png)
<use fig/../../plots/Posterior_post_burnin_M2_N20000_NMCMC3_seed2_diffind2.png>

Package pdftex.def Info: fig/../../plots/Posterior_post_burnin_M2_N20000_NMCMC3
_seed2_diffind2.png  used on input line 358.
(pdftex.def)             Requested size: 140.92793pt x 105.69461pt.
File: fig/../../plots/Posterior_post_burnin_M2_N20000_NMCMC3_seed3_diffind2.png
 Graphic file (type png)
<use fig/../../plots/Posterior_post_burnin_M2_N20000_NMCMC3_seed3_diffind2.png>

Package pdftex.def Info: fig/../../plots/Posterior_post_burnin_M2_N20000_NMCMC3
_seed3_diffind2.png  used on input line 362.
(pdftex.def)             Requested size: 140.92793pt x 105.69461pt.
<fig/../../plots/Posterior_post_burnin_M2_N20000_NMCMC3_seed4_diffind2.png, id=
271, 462.528pt x 346.896pt>
File: fig/../../plots/Posterior_post_burnin_M2_N20000_NMCMC3_seed4_diffind2.png
 Graphic file (type png)
<use fig/../../plots/Posterior_post_burnin_M2_N20000_NMCMC3_seed4_diffind2.png>

Package pdftex.def Info: fig/../../plots/Posterior_post_burnin_M2_N20000_NMCMC3
_seed4_diffind2.png  used on input line 366.
(pdftex.def)             Requested size: 140.92793pt x 105.69461pt.
 [12 <./fig/../../plots/Trace_post_burnin_M4_N60_NMCMC3_seed0_diffind2.png> <./
fig/../../plots/Trace_post_burnin_M4_N60_NMCMC3_seed1_diffind2.png> <./fig/../.
./plots/Trace_post_burnin_M4_N60_NMCMC3_seed2_diffind2.png> <./fig/../../plots/
Trace_post_burnin_M4_N60_NMCMC3_seed3_diffind2.png> <./fig/../../plots/Posterio
r_post_burnin_M2_N50_NMCMC1_seed0_diffind2.png> <./fig/../../plots/Posterior_po
st_burnin_M2_N50_NMCMC1_seed1_diffind2.png> <./fig/../../plots/Posterior_post_b
urnin_M2_N50_NMCMC1_seed2_diffind2.png> <./fig/../../plots/Posterior_post_burni
n_M2_N50_NMCMC1_seed4_diffind2.png>]
<fig/../../plots/Posterior_post_burnin_M3_N100_NMCMC3_seed0_diffind2.png, id=28
7, 462.528pt x 346.896pt>
File: fig/../../plots/Posterior_post_burnin_M3_N100_NMCMC3_seed0_diffind2.png G
raphic file (type png)
<use fig/../../plots/Posterior_post_burnin_M3_N100_NMCMC3_seed0_diffind2.png>
Package pdftex.def Info: fig/../../plots/Posterior_post_burnin_M3_N100_NMCMC3_s
eed0_diffind2.png  used on input line 375.
(pdftex.def)             Requested size: 140.92793pt x 105.69461pt.
<fig/../../plots/Posterior_post_burnin_M3_N100_NMCMC3_seed1_diffind2.png, id=28
8, 462.528pt x 346.896pt>
File: fig/../../plots/Posterior_post_burnin_M3_N100_NMCMC3_seed1_diffind2.png G
raphic file (type png)
<use fig/../../plots/Posterior_post_burnin_M3_N100_NMCMC3_seed1_diffind2.png>
Package pdftex.def Info: fig/../../plots/Posterior_post_burnin_M3_N100_NMCMC3_s
eed1_diffind2.png  used on input line 379.
(pdftex.def)             Requested size: 140.92793pt x 105.69461pt.
<fig/../../plots/Posterior_post_burnin_M3_N100_NMCMC3_seed2_diffind2.png, id=28
9, 462.528pt x 346.896pt>
File: fig/../../plots/Posterior_post_burnin_M3_N100_NMCMC3_seed2_diffind2.png G
raphic file (type png)
<use fig/../../plots/Posterior_post_burnin_M3_N100_NMCMC3_seed2_diffind2.png>
Package pdftex.def Info: fig/../../plots/Posterior_post_burnin_M3_N100_NMCMC3_s
eed2_diffind2.png  used on input line 383.
(pdftex.def)             Requested size: 140.92793pt x 105.69461pt.
File: fig/../../plots/Posterior_post_burnin_M3_N100_NMCMC3_seed3_diffind2.png G
raphic file (type png)
<use fig/../../plots/Posterior_post_burnin_M3_N100_NMCMC3_seed3_diffind2.png>
Package pdftex.def Info: fig/../../plots/Posterior_post_burnin_M3_N100_NMCMC3_s
eed3_diffind2.png  used on input line 387.
(pdftex.def)             Requested size: 140.92793pt x 105.69461pt.
<fig/../../plots/Posterior_post_burnin_M3_N100_NMCMC3_seed4_diffind2.png, id=29
0, 462.528pt x 346.896pt>
File: fig/../../plots/Posterior_post_burnin_M3_N100_NMCMC3_seed4_diffind2.png G
raphic file (type png)
<use fig/../../plots/Posterior_post_burnin_M3_N100_NMCMC3_seed4_diffind2.png>
Package pdftex.def Info: fig/../../plots/Posterior_post_burnin_M3_N100_NMCMC3_s
eed4_diffind2.png  used on input line 391.
(pdftex.def)             Requested size: 140.92793pt x 105.69461pt.
<fig/../../plots/Posterior_post_burnin_M4_N100_NMCMC3_seed0_diffind2.png, id=29
1, 462.528pt x 346.896pt>
File: fig/../../plots/Posterior_post_burnin_M4_N100_NMCMC3_seed0_diffind2.png G
raphic file (type png)
<use fig/../../plots/Posterior_post_burnin_M4_N100_NMCMC3_seed0_diffind2.png>
Package pdftex.def Info: fig/../../plots/Posterior_post_burnin_M4_N100_NMCMC3_s
eed0_diffind2.png  used on input line 400.
(pdftex.def)             Requested size: 140.92793pt x 105.69461pt.
<fig/../../plots/Posterior_post_burnin_M4_N100_NMCMC3_seed1_diffind2.png, id=29
2, 462.528pt x 346.896pt>
File: fig/../../plots/Posterior_post_burnin_M4_N100_NMCMC3_seed1_diffind2.png G
raphic file (type png)
<use fig/../../plots/Posterior_post_burnin_M4_N100_NMCMC3_seed1_diffind2.png>
Package pdftex.def Info: fig/../../plots/Posterior_post_burnin_M4_N100_NMCMC3_s
eed1_diffind2.png  used on input line 404.
(pdftex.def)             Requested size: 140.92793pt x 105.69461pt.
<fig/../../plots/Posterior_post_burnin_M4_N100_NMCMC3_seed2_diffind2.png, id=29
3, 462.528pt x 346.896pt>
File: fig/../../plots/Posterior_post_burnin_M4_N100_NMCMC3_seed2_diffind2.png G
raphic file (type png)
<use fig/../../plots/Posterior_post_burnin_M4_N100_NMCMC3_seed2_diffind2.png>
Package pdftex.def Info: fig/../../plots/Posterior_post_burnin_M4_N100_NMCMC3_s
eed2_diffind2.png  used on input line 408.
(pdftex.def)             Requested size: 140.92793pt x 105.69461pt.
File: fig/../../plots/Posterior_post_burnin_M4_N100_NMCMC3_seed3_diffind2.png G
raphic file (type png)
<use fig/../../plots/Posterior_post_burnin_M4_N100_NMCMC3_seed3_diffind2.png>
Package pdftex.def Info: fig/../../plots/Posterior_post_burnin_M4_N100_NMCMC3_s
eed3_diffind2.png  used on input line 412.
(pdftex.def)             Requested size: 140.92793pt x 105.69461pt.
<fig/../../plots/Posterior_post_burnin_M4_N100_NMCMC3_seed4_diffind2.png, id=29
4, 462.528pt x 346.896pt>
File: fig/../../plots/Posterior_post_burnin_M4_N100_NMCMC3_seed4_diffind2.png G
raphic file (type png)
<use fig/../../plots/Posterior_post_burnin_M4_N100_NMCMC3_seed4_diffind2.png>
Package pdftex.def Info: fig/../../plots/Posterior_post_burnin_M4_N100_NMCMC3_s
eed4_diffind2.png  used on input line 416.
(pdftex.def)             Requested size: 140.92793pt x 105.69461pt.

[13 <./fig/../../plots/Posterior_post_burnin_M2_N20000_NMCMC3_seed0_diffind2.pn
g> <./fig/../../plots/Posterior_post_burnin_M2_N20000_NMCMC3_seed1_diffind2.png
> <./fig/../../plots/Posterior_post_burnin_M2_N20000_NMCMC3_seed2_diffind2.png>
 <./fig/../../plots/Posterior_post_burnin_M2_N20000_NMCMC3_seed4_diffind2.png> 
<./fig/../../plots/Posterior_post_burnin_M3_N100_NMCMC3_seed0_diffind2.png> <./
fig/../../plots/Posterior_post_burnin_M3_N100_NMCMC3_seed1_diffind2.png> <./fig
/../../plots/Posterior_post_burnin_M3_N100_NMCMC3_seed2_diffind2.png> <./fig/..
/../plots/Posterior_post_burnin_M3_N100_NMCMC3_seed4_diffind2.png>]
<fig/../../plots/Posterior_post_burnin_M4_N60_NMCMC3_seed0_diffind2.png, id=310
, 462.528pt x 346.896pt>
File: fig/../../plots/Posterior_post_burnin_M4_N60_NMCMC3_seed0_diffind2.png Gr
aphic file (type png)
<use fig/../../plots/Posterior_post_burnin_M4_N60_NMCMC3_seed0_diffind2.png>
Package pdftex.def Info: fig/../../plots/Posterior_post_burnin_M4_N60_NMCMC3_se
ed0_diffind2.png  used on input line 425.
(pdftex.def)             Requested size: 140.92793pt x 105.69461pt.
<fig/../../plots/Posterior_post_burnin_M4_N60_NMCMC3_seed1_diffind2.png, id=311
, 462.528pt x 346.896pt>
File: fig/../../plots/Posterior_post_burnin_M4_N60_NMCMC3_seed1_diffind2.png Gr
aphic file (type png)
<use fig/../../plots/Posterior_post_burnin_M4_N60_NMCMC3_seed1_diffind2.png>
Package pdftex.def Info: fig/../../plots/Posterior_post_burnin_M4_N60_NMCMC3_se
ed1_diffind2.png  used on input line 429.
(pdftex.def)             Requested size: 140.92793pt x 105.69461pt.
<fig/../../plots/Posterior_post_burnin_M4_N60_NMCMC3_seed2_diffind2.png, id=312
, 462.528pt x 346.896pt>
File: fig/../../plots/Posterior_post_burnin_M4_N60_NMCMC3_seed2_diffind2.png Gr
aphic file (type png)
<use fig/../../plots/Posterior_post_burnin_M4_N60_NMCMC3_seed2_diffind2.png>
Package pdftex.def Info: fig/../../plots/Posterior_post_burnin_M4_N60_NMCMC3_se
ed2_diffind2.png  used on input line 433.
(pdftex.def)             Requested size: 140.92793pt x 105.69461pt.
File: fig/../../plots/Posterior_post_burnin_M4_N60_NMCMC3_seed3_diffind2.png Gr
aphic file (type png)
<use fig/../../plots/Posterior_post_burnin_M4_N60_NMCMC3_seed3_diffind2.png>
Package pdftex.def Info: fig/../../plots/Posterior_post_burnin_M4_N60_NMCMC3_se
ed3_diffind2.png  used on input line 437.
(pdftex.def)             Requested size: 140.92793pt x 105.69461pt.
<fig/../../plots/Posterior_post_burnin_M4_N60_NMCMC3_seed4_diffind2.png, id=313
, 462.528pt x 346.896pt>
File: fig/../../plots/Posterior_post_burnin_M4_N60_NMCMC3_seed4_diffind2.png Gr
aphic file (type png)
<use fig/../../plots/Posterior_post_burnin_M4_N60_NMCMC3_seed4_diffind2.png>
Package pdftex.def Info: fig/../../plots/Posterior_post_burnin_M4_N60_NMCMC3_se
ed4_diffind2.png  used on input line 441.
(pdftex.def)             Requested size: 140.92793pt x 105.69461pt.
<fig/../../plots/ess_se_M2_N50_NMCMC1_seed0_diffind2.png, id=314, 462.528pt x 3
46.896pt>
File: fig/../../plots/ess_se_M2_N50_NMCMC1_seed0_diffind2.png Graphic file (typ
e png)
<use fig/../../plots/ess_se_M2_N50_NMCMC1_seed0_diffind2.png>
Package pdftex.def Info: fig/../../plots/ess_se_M2_N50_NMCMC1_seed0_diffind2.pn
g  used on input line 452.
(pdftex.def)             Requested size: 140.92793pt x 105.69461pt.
<fig/../../plots/ess_se_M2_N20000_NMCMC3_seed0_diffind2.png, id=315, 462.528pt 
x 346.896pt>
File: fig/../../plots/ess_se_M2_N20000_NMCMC3_seed0_diffind2.png Graphic file (
type png)
<use fig/../../plots/ess_se_M2_N20000_NMCMC3_seed0_diffind2.png>
Package pdftex.def Info: fig/../../plots/ess_se_M2_N20000_NMCMC3_seed0_diffind2
.png  used on input line 456.
(pdftex.def)             Requested size: 140.92793pt x 105.69461pt.
<fig/../../plots/ess_se_M3_N100_NMCMC3_seed0_diffind2.png, id=316, 462.528pt x 
346.896pt>
File: fig/../../plots/ess_se_M3_N100_NMCMC3_seed0_diffind2.png Graphic file (ty
pe png)
<use fig/../../plots/ess_se_M3_N100_NMCMC3_seed0_diffind2.png>
Package pdftex.def Info: fig/../../plots/ess_se_M3_N100_NMCMC3_seed0_diffind2.p
ng  used on input line 460.
(pdftex.def)             Requested size: 140.92793pt x 105.69461pt.
<fig/../../plots/ess_se_M4_N100_NMCMC3_seed0_diffind2.png, id=317, 462.528pt x 
346.896pt>
File: fig/../../plots/ess_se_M4_N100_NMCMC3_seed0_diffind2.png Graphic file (ty
pe png)
<use fig/../../plots/ess_se_M4_N100_NMCMC3_seed0_diffind2.png>
Package pdftex.def Info: fig/../../plots/ess_se_M4_N100_NMCMC3_seed0_diffind2.p
ng  used on input line 464.
(pdftex.def)             Requested size: 140.92793pt x 105.69461pt.
<fig/../../plots/ess_se_M4_N60_NMCMC3_seed0_diffind2.png, id=318, 462.528pt x 3
46.896pt>
File: fig/../../plots/ess_se_M4_N60_NMCMC3_seed0_diffind2.png Graphic file (typ
e png)
<use fig/../../plots/ess_se_M4_N60_NMCMC3_seed0_diffind2.png>
Package pdftex.def Info: fig/../../plots/ess_se_M4_N60_NMCMC3_seed0_diffind2.pn
g  used on input line 468.
(pdftex.def)             Requested size: 140.92793pt x 105.69461pt.
) [14 <./fig/../../plots/Posterior_post_burnin_M4_N100_NMCMC3_seed0_diffind2.pn
g> <./fig/../../plots/Posterior_post_burnin_M4_N100_NMCMC3_seed1_diffind2.png> 
<./fig/../../plots/Posterior_post_burnin_M4_N100_NMCMC3_seed2_diffind2.png> <./
fig/../../plots/Posterior_post_burnin_M4_N100_NMCMC3_seed4_diffind2.png> <./fig
/../../plots/Posterior_post_burnin_M4_N60_NMCMC3_seed0_diffind2.png> <./fig/../
../plots/Posterior_post_burnin_M4_N60_NMCMC3_seed1_diffind2.png> <./fig/../../p
lots/Posterior_post_burnin_M4_N60_NMCMC3_seed2_diffind2.png> <./fig/../../plots
/Posterior_post_burnin_M4_N60_NMCMC3_seed4_diffind2.png>] [15 <./fig/../../plot
s/ess_se_M2_N50_NMCMC1_seed0_diffind2.png> <./fig/../../plots/ess_se_M2_N20000_
NMCMC3_seed0_diffind2.png> <./fig/../../plots/ess_se_M3_N100_NMCMC3_seed0_diffi
nd2.png> <./fig/../../plots/ess_se_M4_N100_NMCMC3_seed0_diffind2.png> <./fig/..
/../plots/ess_se_M4_N60_NMCMC3_seed0_diffind2.png>]

LaTeX Warning: Empty bibliography on input line 31.

Package atveryend Info: Empty hook `BeforeClearDocument' on input line 33.
Package atveryend Info: Empty hook `AfterLastShipout' on input line 33.
(main.aux)
Package atveryend Info: Executing hook `AtVeryEndDocument' on input line 33.
Package atveryend Info: Executing hook `AtEndAfterFileList' on input line 33.


Package rerunfilecheck Warning: File `main.out' has changed.
(rerunfilecheck)                Rerun to get outlines right
(rerunfilecheck)                or use package `bookmark'.

Package rerunfilecheck Info: Checksums for `main.out':
(rerunfilecheck)             Before: B546237F10584342125FEDF2366A9510;394
(rerunfilecheck)             After:  80ABEC4DE5D31E435B2641F96F7C67C9;706.

LaTeX Warning: There were undefined references.


LaTeX Warning: Label(s) may have changed. Rerun to get cross-references right.


Package biblatex Warning: Please (re)run BibTeX on the file(s):
(biblatex)                main
(biblatex)                and rerun LaTeX afterwards.

Package logreq Info: Writing requests to 'main.run.xml'.
\openout1 = `main.run.xml'.

 ) 
Here is how much of TeX's memory you used:
 27519 strings out of 492973
 521320 string characters out of 3126692
 755229 words of memory out of 3000000
 30981 multiletter control sequences out of 15000+200000
 548099 words of font info for 82 fonts, out of 3000000 for 9000
 1141 hyphenation exceptions out of 8191
 44i,12n,63p,1835b,1127s stack positions out of 5000i,500n,10000p,200000b,50000s
<C:/Users/chenn/AppData/Local/Programs/MiKTeX 2.9/fonts/type1/public/amsfonts
/cm/cmbx10.pfb><C:/Users/chenn/AppData/Local/Programs/MiKTeX 2.9/fonts/type1/pu
blic/amsfonts/cm/cmbx12.pfb><C:/Users/chenn/AppData/Local/Programs/MiKTeX 2.9/f
onts/type1/public/amsfonts/cm/cmex10.pfb><C:/Users/chenn/AppData/Local/Programs
/MiKTeX 2.9/fonts/type1/public/amsfonts/cm/cmmi10.pfb><C:/Users/chenn/AppData/L
ocal/Programs/MiKTeX 2.9/fonts/type1/public/amsfonts/cm/cmmi5.pfb><C:/Users/che
nn/AppData/Local/Programs/MiKTeX 2.9/fonts/type1/public/amsfonts/cm/cmmi7.pfb><
C:/Users/chenn/AppData/Local/Programs/MiKTeX 2.9/fonts/type1/public/amsfonts/cm
/cmmi9.pfb><C:/Users/chenn/AppData/Local/Programs/MiKTeX 2.9/fonts/type1/public
/amsfonts/cm/cmmib10.pfb><C:/Users/chenn/AppData/Local/Programs/MiKTeX 2.9/font
s/type1/public/amsfonts/cmextra/cmmib7.pfb><C:/Users/chenn/AppData/Local/Progra
ms/MiKTeX 2.9/fonts/type1/public/amsfonts/cmextra/cmmib9.pfb><C:/Users/chenn/Ap
pData/Local/Programs/MiKTeX 2.9/fonts/type1/public/amsfonts/cm/cmr10.pfb><C:/Us
ers/chenn/AppData/Local/Programs/MiKTeX 2.9/fonts/type1/public/amsfonts/cm/cmr1
2.pfb><C:/Users/chenn/AppData/Local/Programs/MiKTeX 2.9/fonts/type1/public/amsf
onts/cm/cmr17.pfb><C:/Users/chenn/AppData/Local/Programs/MiKTeX 2.9/fonts/type1
/public/amsfonts/cm/cmr5.pfb><C:/Users/chenn/AppData/Local/Programs/MiKTeX 2.9/
fonts/type1/public/amsfonts/cm/cmr7.pfb><C:/Users/chenn/AppData/Local/Programs/
MiKTeX 2.9/fonts/type1/public/amsfonts/cm/cmr9.pfb><C:/Users/chenn/AppData/Loca
l/Programs/MiKTeX 2.9/fonts/type1/public/amsfonts/cm/cmsl10.pfb><C:/Users/chenn
/AppData/Local/Programs/MiKTeX 2.9/fonts/type1/public/amsfonts/cm/cmsy10.pfb><C
:/Users/chenn/AppData/Local/Programs/MiKTeX 2.9/fonts/type1/public/amsfonts/cm/
cmsy5.pfb><C:/Users/chenn/AppData/Local/Programs/MiKTeX 2.9/fonts/type1/public/
amsfonts/cm/cmsy7.pfb><C:/Users/chenn/AppData/Local/Programs/MiKTeX 2.9/fonts/t
ype1/public/amsfonts/cm/cmsy9.pfb><C:/Users/chenn/AppData/Local/Programs/MiKTeX
 2.9/fonts/type1/public/amsfonts/cm/cmtt10.pfb><C:/Users/chenn/AppData/Local/Pr
ograms/MiKTeX 2.9/fonts/type1/public/amsfonts/symbols/msbm10.pfb>
Output written on main.pdf (15 pages, 2637423 bytes).
PDF statistics:
 430 PDF objects out of 1000 (max. 8388607)
 57 named destinations out of 1000 (max. 500000)
 532 words of extra memory for PDF output out of 10000 (max. 10000000)

